This is pdfTeX, Version 3.141592653-2.6-1.40.26 (TeX Live 2024) (preloaded format=pdflatex 2024.5.14)  16 OCT 2024 16:30
entering extended mode
 restricted \write18 enabled.
 %&-line parsing enabled.
**main.tex
(./main.tex
LaTeX2e <2023-11-01> patch level 1
L3 programming layer <2024-04-11>
(./rho-class/rho.cls
Document Class: rho-class/rho 2024/05/21 Rho LaTeX class
(c:/texlive/2024/texmf-dist/tex/latex/extsizes/extarticle.cls
Document Class: extarticle 1996/10/08 v1.0 Non Standard LaTeX document class
(c:/texlive/2024/texmf-dist/tex/latex/extsizes/size9.clo
File: size9.clo 1999/11/11 v1.4a NON-Standard LaTeX file (size option)
)
(c:/texlive/2024/texmf-dist/tex/latex/base/exscale.sty
Package: exscale 2018/09/24 v2.1i Standard LaTeX package exscale
LaTeX Font Info:    Redeclaring symbol font `largesymbols' on input line 57.
LaTeX Font Info:    Overwriting symbol font `largesymbols' in version `normal'
(Font)                  OMX/cmex/m/n --> OMX/cmex/m/n on input line 57.
LaTeX Font Info:    Overwriting symbol font `largesymbols' in version `bold'
(Font)                  OMX/cmex/m/n --> OMX/cmex/m/n on input line 57.
\big@size=\dimen140
)
\c@part=\count189
\c@section=\count190
\c@subsection=\count191
\c@subsubsection=\count192
\c@paragraph=\count193
\c@subparagraph=\count194
\c@figure=\count195
\c@table=\count196
\abovecaptionskip=\skip48
\belowcaptionskip=\skip49
\bibindent=\dimen141
)
(c:/texlive/2024/texmf-dist/tex/latex/base/inputenc.sty
Package: inputenc 2021/02/14 v1.3d Input encoding file
\inpenc@prehook=\toks17
\inpenc@posthook=\toks18
)
(c:/texlive/2024/texmf-dist/tex/latex/etoolbox/etoolbox.sty
Package: etoolbox 2020/10/05 v2.5k e-TeX tools for LaTeX (JAW)
\etb@tempcnta=\count197
)
(c:/texlive/2024/texmf-dist/tex/latex/mdframed/mdframed.sty
Package: mdframed 2013/07/01 1.9b: mdframed

(c:/texlive/2024/texmf-dist/tex/latex/kvoptions/kvoptions.sty
Package: kvoptions 2022-06-15 v3.15 Key value format for package options (HO)

(c:/texlive/2024/texmf-dist/tex/latex/graphics/keyval.sty
Package: keyval 2022/05/29 v1.15 key=value parser (DPC)
\KV@toks@=\toks19
)
(c:/texlive/2024/texmf-dist/tex/generic/ltxcmds/ltxcmds.sty
Package: ltxcmds 2023-12-04 v1.26 LaTeX kernel commands for general use (HO)
)
(c:/texlive/2024/texmf-dist/tex/latex/kvsetkeys/kvsetkeys.sty
Package: kvsetkeys 2022-10-05 v1.19 Key value parser (HO)
))
(c:/texlive/2024/texmf-dist/tex/latex/l3packages/xparse/xparse.sty
(c:/texlive/2024/texmf-dist/tex/latex/l3kernel/expl3.sty
Package: expl3 2024-04-11 L3 programming layer (loader) 

(c:/texlive/2024/texmf-dist/tex/latex/l3backend/l3backend-pdftex.def
File: l3backend-pdftex.def 2024-04-11 L3 backend support: PDF output (pdfTeX)
\l__color_backend_stack_int=\count198
\l__pdf_internal_box=\box51
))
Package: xparse 2024-03-14 L3 Experimental document command parser
)
(c:/texlive/2024/texmf-dist/tex/latex/zref/zref-abspage.sty
Package: zref-abspage 2023-09-14 v2.35 Module abspage for zref (HO)

(c:/texlive/2024/texmf-dist/tex/latex/zref/zref-base.sty
Package: zref-base 2023-09-14 v2.35 Module base for zref (HO)

(c:/texlive/2024/texmf-dist/tex/generic/infwarerr/infwarerr.sty
Package: infwarerr 2019/12/03 v1.5 Providing info/warning/error messages (HO)
)
(c:/texlive/2024/texmf-dist/tex/generic/kvdefinekeys/kvdefinekeys.sty
Package: kvdefinekeys 2019-12-19 v1.6 Define keys (HO)
)
(c:/texlive/2024/texmf-dist/tex/generic/pdftexcmds/pdftexcmds.sty
Package: pdftexcmds 2020-06-27 v0.33 Utility functions of pdfTeX for LuaTeX (HO
)

(c:/texlive/2024/texmf-dist/tex/generic/iftex/iftex.sty
Package: iftex 2022/02/03 v1.0f TeX engine tests
)
Package pdftexcmds Info: \pdf@primitive is available.
Package pdftexcmds Info: \pdf@ifprimitive is available.
Package pdftexcmds Info: \pdfdraftmode found.
)
(c:/texlive/2024/texmf-dist/tex/generic/etexcmds/etexcmds.sty
Package: etexcmds 2019/12/15 v1.7 Avoid name clashes with e-TeX commands (HO)
)
(c:/texlive/2024/texmf-dist/tex/latex/auxhook/auxhook.sty
Package: auxhook 2019-12-17 v1.6 Hooks for auxiliary files (HO)
)
Package zref Info: New property list: main on input line 767.
Package zref Info: New property: default on input line 768.
Package zref Info: New property: page on input line 769.
)
\c@abspage=\count199
Package zref Info: New property: abspage on input line 67.
)
(c:/texlive/2024/texmf-dist/tex/latex/needspace/needspace.sty
Package: needspace 2010/09/12 v1.3d reserve vertical space
)
(c:/texlive/2024/texmf-dist/tex/latex/graphics/color.sty
Package: color 2022/01/06 v1.3d Standard LaTeX Color (DPC)

(c:/texlive/2024/texmf-dist/tex/latex/graphics-cfg/color.cfg
File: color.cfg 2016/01/02 v1.6 sample color configuration
)
Package color Info: Driver file: pdftex.def on input line 149.

(c:/texlive/2024/texmf-dist/tex/latex/graphics-def/pdftex.def
File: pdftex.def 2024/04/13 v1.2c Graphics/color driver for pdftex
)
(c:/texlive/2024/texmf-dist/tex/latex/graphics/mathcolor.ltx))
\mdf@templength=\skip50
\c@mdf@globalstyle@cnt=\count266
\mdf@skipabove@length=\skip51
\mdf@skipbelow@length=\skip52
\mdf@leftmargin@length=\skip53
\mdf@rightmargin@length=\skip54
\mdf@innerleftmargin@length=\skip55
\mdf@innerrightmargin@length=\skip56
\mdf@innertopmargin@length=\skip57
\mdf@innerbottommargin@length=\skip58
\mdf@splittopskip@length=\skip59
\mdf@splitbottomskip@length=\skip60
\mdf@outermargin@length=\skip61
\mdf@innermargin@length=\skip62
\mdf@linewidth@length=\skip63
\mdf@innerlinewidth@length=\skip64
\mdf@middlelinewidth@length=\skip65
\mdf@outerlinewidth@length=\skip66
\mdf@roundcorner@length=\skip67
\mdf@footenotedistance@length=\skip68
\mdf@userdefinedwidth@length=\skip69
\mdf@needspace@length=\skip70
\mdf@frametitleaboveskip@length=\skip71
\mdf@frametitlebelowskip@length=\skip72
\mdf@frametitlerulewidth@length=\skip73
\mdf@frametitleleftmargin@length=\skip74
\mdf@frametitlerightmargin@length=\skip75
\mdf@shadowsize@length=\skip76
\mdf@extratopheight@length=\skip77
\mdf@subtitleabovelinewidth@length=\skip78
\mdf@subtitlebelowlinewidth@length=\skip79
\mdf@subtitleaboveskip@length=\skip80
\mdf@subtitlebelowskip@length=\skip81
\mdf@subtitleinneraboveskip@length=\skip82
\mdf@subtitleinnerbelowskip@length=\skip83
\mdf@subsubtitleabovelinewidth@length=\skip84
\mdf@subsubtitlebelowlinewidth@length=\skip85
\mdf@subsubtitleaboveskip@length=\skip86
\mdf@subsubtitlebelowskip@length=\skip87
\mdf@subsubtitleinneraboveskip@length=\skip88
\mdf@subsubtitleinnerbelowskip@length=\skip89

(c:/texlive/2024/texmf-dist/tex/latex/pgf/frontendlayer/tikz.sty
(c:/texlive/2024/texmf-dist/tex/latex/pgf/basiclayer/pgf.sty
(c:/texlive/2024/texmf-dist/tex/latex/pgf/utilities/pgfrcs.sty
(c:/texlive/2024/texmf-dist/tex/generic/pgf/utilities/pgfutil-common.tex
\pgfutil@everybye=\toks20
\pgfutil@tempdima=\dimen142
\pgfutil@tempdimb=\dimen143
)
(c:/texlive/2024/texmf-dist/tex/generic/pgf/utilities/pgfutil-latex.def
\pgfutil@abb=\box52
)
(c:/texlive/2024/texmf-dist/tex/generic/pgf/utilities/pgfrcs.code.tex
(c:/texlive/2024/texmf-dist/tex/generic/pgf/pgf.revision.tex)
Package: pgfrcs 2023-01-15 v3.1.10 (3.1.10)
))
Package: pgf 2023-01-15 v3.1.10 (3.1.10)

(c:/texlive/2024/texmf-dist/tex/latex/pgf/basiclayer/pgfcore.sty
(c:/texlive/2024/texmf-dist/tex/latex/graphics/graphicx.sty
Package: graphicx 2021/09/16 v1.2d Enhanced LaTeX Graphics (DPC,SPQR)

(c:/texlive/2024/texmf-dist/tex/latex/graphics/graphics.sty
Package: graphics 2022/03/10 v1.4e Standard LaTeX Graphics (DPC,SPQR)

(c:/texlive/2024/texmf-dist/tex/latex/graphics/trig.sty
Package: trig 2021/08/11 v1.11 sin cos tan (DPC)
)
(c:/texlive/2024/texmf-dist/tex/latex/graphics-cfg/graphics.cfg
File: graphics.cfg 2016/06/04 v1.11 sample graphics configuration
)
Package graphics Info: Driver file: pdftex.def on input line 107.
)
\Gin@req@height=\dimen144
\Gin@req@width=\dimen145
)
(c:/texlive/2024/texmf-dist/tex/latex/pgf/systemlayer/pgfsys.sty
(c:/texlive/2024/texmf-dist/tex/generic/pgf/systemlayer/pgfsys.code.tex
Package: pgfsys 2023-01-15 v3.1.10 (3.1.10)

(c:/texlive/2024/texmf-dist/tex/generic/pgf/utilities/pgfkeys.code.tex
\pgfkeys@pathtoks=\toks21
\pgfkeys@temptoks=\toks22

(c:/texlive/2024/texmf-dist/tex/generic/pgf/utilities/pgfkeyslibraryfiltered.co
de.tex
\pgfkeys@tmptoks=\toks23
))
\pgf@x=\dimen146
\pgf@y=\dimen147
\pgf@xa=\dimen148
\pgf@ya=\dimen149
\pgf@xb=\dimen150
\pgf@yb=\dimen151
\pgf@xc=\dimen152
\pgf@yc=\dimen153
\pgf@xd=\dimen154
\pgf@yd=\dimen155
\w@pgf@writea=\write3
\r@pgf@reada=\read2
\c@pgf@counta=\count267
\c@pgf@countb=\count268
\c@pgf@countc=\count269
\c@pgf@countd=\count270
\t@pgf@toka=\toks24
\t@pgf@tokb=\toks25
\t@pgf@tokc=\toks26
\pgf@sys@id@count=\count271
 (c:/texlive/2024/texmf-dist/tex/generic/pgf/systemlayer/pgf.cfg
File: pgf.cfg 2023-01-15 v3.1.10 (3.1.10)
)
Driver file for pgf: pgfsys-pdftex.def

(c:/texlive/2024/texmf-dist/tex/generic/pgf/systemlayer/pgfsys-pdftex.def
File: pgfsys-pdftex.def 2023-01-15 v3.1.10 (3.1.10)

(c:/texlive/2024/texmf-dist/tex/generic/pgf/systemlayer/pgfsys-common-pdf.def
File: pgfsys-common-pdf.def 2023-01-15 v3.1.10 (3.1.10)
)))
(c:/texlive/2024/texmf-dist/tex/generic/pgf/systemlayer/pgfsyssoftpath.code.tex
File: pgfsyssoftpath.code.tex 2023-01-15 v3.1.10 (3.1.10)
\pgfsyssoftpath@smallbuffer@items=\count272
\pgfsyssoftpath@bigbuffer@items=\count273
)
(c:/texlive/2024/texmf-dist/tex/generic/pgf/systemlayer/pgfsysprotocol.code.tex
File: pgfsysprotocol.code.tex 2023-01-15 v3.1.10 (3.1.10)
)) (c:/texlive/2024/texmf-dist/tex/latex/xcolor/xcolor.sty
Package: xcolor 2023/11/15 v3.01 LaTeX color extensions (UK)

(c:/texlive/2024/texmf-dist/tex/latex/graphics-cfg/color.cfg
File: color.cfg 2016/01/02 v1.6 sample color configuration
)
Package xcolor Info: Driver file: pdftex.def on input line 274.
LaTeX Info: Redefining \color on input line 758.

(c:/texlive/2024/texmf-dist/tex/latex/graphics/mathcolor.ltx)
Package xcolor Info: Model `cmy' substituted by `cmy0' on input line 1350.
Package xcolor Info: Model `hsb' substituted by `rgb' on input line 1354.
Package xcolor Info: Model `RGB' extended on input line 1366.
Package xcolor Info: Model `HTML' substituted by `rgb' on input line 1368.
Package xcolor Info: Model `Hsb' substituted by `hsb' on input line 1369.
Package xcolor Info: Model `tHsb' substituted by `hsb' on input line 1370.
Package xcolor Info: Model `HSB' substituted by `hsb' on input line 1371.
Package xcolor Info: Model `Gray' substituted by `gray' on input line 1372.
Package xcolor Info: Model `wave' substituted by `hsb' on input line 1373.
)
(c:/texlive/2024/texmf-dist/tex/generic/pgf/basiclayer/pgfcore.code.tex
Package: pgfcore 2023-01-15 v3.1.10 (3.1.10)

(c:/texlive/2024/texmf-dist/tex/generic/pgf/math/pgfmath.code.tex
(c:/texlive/2024/texmf-dist/tex/generic/pgf/math/pgfmathutil.code.tex)
(c:/texlive/2024/texmf-dist/tex/generic/pgf/math/pgfmathparser.code.tex
\pgfmath@dimen=\dimen156
\pgfmath@count=\count274
\pgfmath@box=\box53
\pgfmath@toks=\toks27
\pgfmath@stack@operand=\toks28
\pgfmath@stack@operation=\toks29
)
(c:/texlive/2024/texmf-dist/tex/generic/pgf/math/pgfmathfunctions.code.tex)
(c:/texlive/2024/texmf-dist/tex/generic/pgf/math/pgfmathfunctions.basic.code.te
x)
(c:/texlive/2024/texmf-dist/tex/generic/pgf/math/pgfmathfunctions.trigonometric
.code.tex)
(c:/texlive/2024/texmf-dist/tex/generic/pgf/math/pgfmathfunctions.random.code.t
ex)
(c:/texlive/2024/texmf-dist/tex/generic/pgf/math/pgfmathfunctions.comparison.co
de.tex)
(c:/texlive/2024/texmf-dist/tex/generic/pgf/math/pgfmathfunctions.base.code.tex
)
(c:/texlive/2024/texmf-dist/tex/generic/pgf/math/pgfmathfunctions.round.code.te
x)
(c:/texlive/2024/texmf-dist/tex/generic/pgf/math/pgfmathfunctions.misc.code.tex
)
(c:/texlive/2024/texmf-dist/tex/generic/pgf/math/pgfmathfunctions.integerarithm
etics.code.tex)
(c:/texlive/2024/texmf-dist/tex/generic/pgf/math/pgfmathcalc.code.tex)
(c:/texlive/2024/texmf-dist/tex/generic/pgf/math/pgfmathfloat.code.tex
\c@pgfmathroundto@lastzeros=\count275
))
(c:/texlive/2024/texmf-dist/tex/generic/pgf/math/pgfint.code.tex)
(c:/texlive/2024/texmf-dist/tex/generic/pgf/basiclayer/pgfcorepoints.code.tex
File: pgfcorepoints.code.tex 2023-01-15 v3.1.10 (3.1.10)
\pgf@picminx=\dimen157
\pgf@picmaxx=\dimen158
\pgf@picminy=\dimen159
\pgf@picmaxy=\dimen160
\pgf@pathminx=\dimen161
\pgf@pathmaxx=\dimen162
\pgf@pathminy=\dimen163
\pgf@pathmaxy=\dimen164
\pgf@xx=\dimen165
\pgf@xy=\dimen166
\pgf@yx=\dimen167
\pgf@yy=\dimen168
\pgf@zx=\dimen169
\pgf@zy=\dimen170
)
(c:/texlive/2024/texmf-dist/tex/generic/pgf/basiclayer/pgfcorepathconstruct.cod
e.tex
File: pgfcorepathconstruct.code.tex 2023-01-15 v3.1.10 (3.1.10)
\pgf@path@lastx=\dimen171
\pgf@path@lasty=\dimen172
)
(c:/texlive/2024/texmf-dist/tex/generic/pgf/basiclayer/pgfcorepathusage.code.te
x
File: pgfcorepathusage.code.tex 2023-01-15 v3.1.10 (3.1.10)
\pgf@shorten@end@additional=\dimen173
\pgf@shorten@start@additional=\dimen174
)
(c:/texlive/2024/texmf-dist/tex/generic/pgf/basiclayer/pgfcorescopes.code.tex
File: pgfcorescopes.code.tex 2023-01-15 v3.1.10 (3.1.10)
\pgfpic=\box54
\pgf@hbox=\box55
\pgf@layerbox@main=\box56
\pgf@picture@serial@count=\count276
)
(c:/texlive/2024/texmf-dist/tex/generic/pgf/basiclayer/pgfcoregraphicstate.code
.tex
File: pgfcoregraphicstate.code.tex 2023-01-15 v3.1.10 (3.1.10)
\pgflinewidth=\dimen175
)
(c:/texlive/2024/texmf-dist/tex/generic/pgf/basiclayer/pgfcoretransformations.c
ode.tex
File: pgfcoretransformations.code.tex 2023-01-15 v3.1.10 (3.1.10)
\pgf@pt@x=\dimen176
\pgf@pt@y=\dimen177
\pgf@pt@temp=\dimen178
)
(c:/texlive/2024/texmf-dist/tex/generic/pgf/basiclayer/pgfcorequick.code.tex
File: pgfcorequick.code.tex 2023-01-15 v3.1.10 (3.1.10)
)
(c:/texlive/2024/texmf-dist/tex/generic/pgf/basiclayer/pgfcoreobjects.code.tex
File: pgfcoreobjects.code.tex 2023-01-15 v3.1.10 (3.1.10)
)
(c:/texlive/2024/texmf-dist/tex/generic/pgf/basiclayer/pgfcorepathprocessing.co
de.tex
File: pgfcorepathprocessing.code.tex 2023-01-15 v3.1.10 (3.1.10)
)
(c:/texlive/2024/texmf-dist/tex/generic/pgf/basiclayer/pgfcorearrows.code.tex
File: pgfcorearrows.code.tex 2023-01-15 v3.1.10 (3.1.10)
\pgfarrowsep=\dimen179
)
(c:/texlive/2024/texmf-dist/tex/generic/pgf/basiclayer/pgfcoreshade.code.tex
File: pgfcoreshade.code.tex 2023-01-15 v3.1.10 (3.1.10)
\pgf@max=\dimen180
\pgf@sys@shading@range@num=\count277
\pgf@shadingcount=\count278
)
(c:/texlive/2024/texmf-dist/tex/generic/pgf/basiclayer/pgfcoreimage.code.tex
File: pgfcoreimage.code.tex 2023-01-15 v3.1.10 (3.1.10)
)
(c:/texlive/2024/texmf-dist/tex/generic/pgf/basiclayer/pgfcoreexternal.code.tex
File: pgfcoreexternal.code.tex 2023-01-15 v3.1.10 (3.1.10)
\pgfexternal@startupbox=\box57
) (c:/texlive/2024/texmf-dist/tex/generic/pgf/basiclayer/pgfcorelayers.code.tex
File: pgfcorelayers.code.tex 2023-01-15 v3.1.10 (3.1.10)
)
(c:/texlive/2024/texmf-dist/tex/generic/pgf/basiclayer/pgfcoretransparency.code
.tex
File: pgfcoretransparency.code.tex 2023-01-15 v3.1.10 (3.1.10)
)
(c:/texlive/2024/texmf-dist/tex/generic/pgf/basiclayer/pgfcorepatterns.code.tex
File: pgfcorepatterns.code.tex 2023-01-15 v3.1.10 (3.1.10)
) (c:/texlive/2024/texmf-dist/tex/generic/pgf/basiclayer/pgfcorerdf.code.tex
File: pgfcorerdf.code.tex 2023-01-15 v3.1.10 (3.1.10)
))) (c:/texlive/2024/texmf-dist/tex/generic/pgf/modules/pgfmoduleshapes.code.te
x
File: pgfmoduleshapes.code.tex 2023-01-15 v3.1.10 (3.1.10)
\pgfnodeparttextbox=\box58
)
(c:/texlive/2024/texmf-dist/tex/generic/pgf/modules/pgfmoduleplot.code.tex
File: pgfmoduleplot.code.tex 2023-01-15 v3.1.10 (3.1.10)
)
(c:/texlive/2024/texmf-dist/tex/latex/pgf/compatibility/pgfcomp-version-0-65.st
y
Package: pgfcomp-version-0-65 2023-01-15 v3.1.10 (3.1.10)
\pgf@nodesepstart=\dimen181
\pgf@nodesepend=\dimen182
)
(c:/texlive/2024/texmf-dist/tex/latex/pgf/compatibility/pgfcomp-version-1-18.st
y
Package: pgfcomp-version-1-18 2023-01-15 v3.1.10 (3.1.10)
)) (c:/texlive/2024/texmf-dist/tex/latex/pgf/utilities/pgffor.sty
(c:/texlive/2024/texmf-dist/tex/latex/pgf/utilities/pgfkeys.sty
(c:/texlive/2024/texmf-dist/tex/generic/pgf/utilities/pgfkeys.code.tex))
(c:/texlive/2024/texmf-dist/tex/latex/pgf/math/pgfmath.sty
(c:/texlive/2024/texmf-dist/tex/generic/pgf/math/pgfmath.code.tex))
(c:/texlive/2024/texmf-dist/tex/generic/pgf/utilities/pgffor.code.tex
Package: pgffor 2023-01-15 v3.1.10 (3.1.10)
\pgffor@iter=\dimen183
\pgffor@skip=\dimen184
\pgffor@stack=\toks30
\pgffor@toks=\toks31
))
(c:/texlive/2024/texmf-dist/tex/generic/pgf/frontendlayer/tikz/tikz.code.tex
Package: tikz 2023-01-15 v3.1.10 (3.1.10)

(c:/texlive/2024/texmf-dist/tex/generic/pgf/libraries/pgflibraryplothandlers.co
de.tex
File: pgflibraryplothandlers.code.tex 2023-01-15 v3.1.10 (3.1.10)
\pgf@plot@mark@count=\count279
\pgfplotmarksize=\dimen185
)
\tikz@lastx=\dimen186
\tikz@lasty=\dimen187
\tikz@lastxsaved=\dimen188
\tikz@lastysaved=\dimen189
\tikz@lastmovetox=\dimen190
\tikz@lastmovetoy=\dimen191
\tikzleveldistance=\dimen192
\tikzsiblingdistance=\dimen193
\tikz@figbox=\box59
\tikz@figbox@bg=\box60
\tikz@tempbox=\box61
\tikz@tempbox@bg=\box62
\tikztreelevel=\count280
\tikznumberofchildren=\count281
\tikznumberofcurrentchild=\count282
\tikz@fig@count=\count283

(c:/texlive/2024/texmf-dist/tex/generic/pgf/modules/pgfmodulematrix.code.tex
File: pgfmodulematrix.code.tex 2023-01-15 v3.1.10 (3.1.10)
\pgfmatrixcurrentrow=\count284
\pgfmatrixcurrentcolumn=\count285
\pgf@matrix@numberofcolumns=\count286
)
\tikz@expandcount=\count287

(c:/texlive/2024/texmf-dist/tex/generic/pgf/frontendlayer/tikz/libraries/tikzli
brarytopaths.code.tex
File: tikzlibrarytopaths.code.tex 2023-01-15 v3.1.10 (3.1.10)
)))
(c:/texlive/2024/texmf-dist/tex/latex/mdframed/md-frame-1.mdf
File: md-frame-1.mdf 2013/07/01\ 1.9b: md-frame-1
)
\mdf@frametitlebox=\box63
\mdf@footnotebox=\box64
\mdf@splitbox@one=\box65
\mdf@splitbox@two=\box66
\mdf@splitbox@save=\box67
\mdfsplitboxwidth=\skip90
\mdfsplitboxtotalwidth=\skip91
\mdfsplitboxheight=\skip92
\mdfsplitboxdepth=\skip93
\mdfsplitboxtotalheight=\skip94
\mdfframetitleboxwidth=\skip95
\mdfframetitleboxtotalwidth=\skip96
\mdfframetitleboxheight=\skip97
\mdfframetitleboxdepth=\skip98
\mdfframetitleboxtotalheight=\skip99
\mdffootnoteboxwidth=\skip100
\mdffootnoteboxtotalwidth=\skip101
\mdffootnoteboxheight=\skip102
\mdffootnoteboxdepth=\skip103
\mdffootnoteboxtotalheight=\skip104
\mdftotallinewidth=\skip105
\mdfboundingboxwidth=\skip106
\mdfboundingboxtotalwidth=\skip107
\mdfboundingboxheight=\skip108
\mdfboundingboxdepth=\skip109
\mdfboundingboxtotalheight=\skip110
\mdf@freevspace@length=\skip111
\mdf@horizontalwidthofbox@length=\skip112
\mdf@verticalmarginwhole@length=\skip113
\mdf@horizontalspaceofbox=\skip114
\mdfsubtitleheight=\skip115
\mdfsubsubtitleheight=\skip116
\c@mdfcountframes=\count288

****** mdframed patching \endmdf@trivlist

****** -- success******

\mdf@envdepth=\count289
\c@mdf@env@i=\count290
\c@mdf@env@ii=\count291
\c@mdf@zref@counter=\count292
Package zref Info: New property: mdf@pagevalue on input line 895.
)
(c:/texlive/2024/texmf-dist/tex/latex/titling/titling.sty
Package: titling 2009/09/04 v2.1d maketitle typesetting
\thanksmarkwidth=\skip117
\thanksmargin=\skip118
\droptitle=\skip119
)
(c:/texlive/2024/texmf-dist/tex/latex/lettrine/lettrine.sty
File: lettrine.sty 2024-01-20 v2.60 (Daniel Flipo)

(c:/texlive/2024/texmf-dist/tex/latex/l3packages/xfp/xfp.sty
Package: xfp 2024-03-14 L3 Floating point unit
)
\c@DefaultLines=\count293
\c@DefaultDepth=\count294
\DefaultFindent=\dimen194
\DefaultNindent=\dimen195
\DefaultSlope=\dimen196
\DiscardVskip=\dimen197
\L@lettrine=\box68
\L@lbox=\box69
\L@tbox=\box70
\c@L@lines=\count295
\c@L@depth=\count296
\L@Pindent=\dimen198
\L@Findent=\dimen199
\L@Nindent=\dimen256
\L@lraise=\dimen257
\L@first=\dimen258
\L@next=\dimen259
\L@slope=\dimen260
\L@height=\dimen261
\L@novskip=\dimen262
\L@ruleht=\dimen263
\L@target@ht=\dimen264
\L@target@dp=\dimen265
\L@target@tht=\dimen266
\LettrineWidth=\dimen267
\LettrineHeight=\dimen268
\LettrineDepth=\dimen269

Loading lettrine.cfg
(c:/texlive/2024/texmf-dist/tex/latex/lettrine/lettrine.cfg)
\Llist@everypar=\toks32
)
(c:/texlive/2024/texmf-dist/tex/latex/lineno/lineno.sty
Package: lineno 2023/05/20 line numbers on paragraphs v5.3
\linenopenalty=\count297
\output=\toks33
\linenoprevgraf=\count298
\linenumbersep=\dimen270
\linenumberwidth=\dimen271
\c@linenumber=\count299
\c@pagewiselinenumber=\count300
\c@LN@truepage=\count301
\c@internallinenumber=\count302
\c@internallinenumbers=\count303
\quotelinenumbersep=\dimen272
\bframerule=\dimen273
\bframesep=\dimen274
\bframebox=\box71
LaTeX Info: Redefining \\ on input line 3180.
)
(c:/texlive/2024/texmf-dist/tex/latex/microtype/microtype.sty
Package: microtype 2024/03/29 v3.1b Micro-typographical refinements (RS)
\MT@toks=\toks34
\MT@tempbox=\box72
\MT@count=\count304
LaTeX Info: Redefining \noprotrusionifhmode on input line 1061.
LaTeX Info: Redefining \leftprotrusion on input line 1062.
\MT@prot@toks=\toks35
LaTeX Info: Redefining \rightprotrusion on input line 1081.
LaTeX Info: Redefining \textls on input line 1392.
\MT@outer@kern=\dimen275
LaTeX Info: Redefining \textmicrotypecontext on input line 2013.
\MT@listname@count=\count305

(c:/texlive/2024/texmf-dist/tex/latex/microtype/microtype-pdftex.def
File: microtype-pdftex.def 2024/03/29 v3.1b Definitions specific to pdftex (RS)

LaTeX Info: Redefining \lsstyle on input line 902.
LaTeX Info: Redefining \lslig on input line 902.
\MT@outer@space=\skip120
)
Package microtype Info: Loading configuration file microtype.cfg.

(c:/texlive/2024/texmf-dist/tex/latex/microtype/microtype.cfg
File: microtype.cfg 2024/03/29 v3.1b microtype main configuration file (RS)
))
(c:/texlive/2024/texmf-dist/tex/latex/footmisc/footmisc.sty
Package: footmisc 2023/07/05 v6.0f a miscellany of footnote facilities
\FN@temptoken=\toks36
\footnotemargin=\dimen276
\@outputbox@depth=\dimen277
Package footmisc Info: Declaring symbol style bringhurst on input line 696.
Package footmisc Info: Declaring symbol style chicago on input line 704.
Package footmisc Info: Declaring symbol style wiley on input line 713.
Package footmisc Info: Declaring symbol style lamport-robust on input line 724.

Package footmisc Info: Declaring symbol style lamport* on input line 744.
Package footmisc Info: Declaring symbol style lamport*-robust on input line 765
.
)
(c:/texlive/2024/texmf-dist/tex/latex/fancyhdr/fancyhdr.sty
Package: fancyhdr 2024/04/23 v4.2 Extensive control of page headers and footers

\f@nch@headwidth=\skip121
\f@nch@O@elh=\skip122
\f@nch@O@erh=\skip123
\f@nch@O@olh=\skip124
\f@nch@O@orh=\skip125
\f@nch@O@elf=\skip126
\f@nch@O@erf=\skip127
\f@nch@O@olf=\skip128
\f@nch@O@orf=\skip129
)
(c:/texlive/2024/texmf-dist/tex/latex/xifthen/xifthen.sty
Package: xifthen 2015/11/05 v1.4.0 Extended ifthen features

(c:/texlive/2024/texmf-dist/tex/latex/tools/calc.sty
Package: calc 2023/07/08 v4.3 Infix arithmetic (KKT,FJ)
\calc@Acount=\count306
\calc@Bcount=\count307
\calc@Adimen=\dimen278
\calc@Bdimen=\dimen279
\calc@Askip=\skip130
\calc@Bskip=\skip131
LaTeX Info: Redefining \setlength on input line 80.
LaTeX Info: Redefining \addtolength on input line 81.
\calc@Ccount=\count308
\calc@Cskip=\skip132
)
(c:/texlive/2024/texmf-dist/tex/latex/base/ifthen.sty
Package: ifthen 2022/04/13 v1.1d Standard LaTeX ifthen package (DPC)
)
(c:/texlive/2024/texmf-dist/tex/latex/ifmtarg/ifmtarg.sty
Package: ifmtarg 2018/04/16 v1.2b check for an empty argument
))
(c:/texlive/2024/texmf-dist/tex/latex/adjustbox/adjustbox.sty
Package: adjustbox 2022/10/17 v1.3a Adjusting TeX boxes (trim, clip, ...)

(c:/texlive/2024/texmf-dist/tex/latex/xkeyval/xkeyval.sty
Package: xkeyval 2022/06/16 v2.9 package option processing (HA)

(c:/texlive/2024/texmf-dist/tex/generic/xkeyval/xkeyval.tex
(c:/texlive/2024/texmf-dist/tex/generic/xkeyval/xkvutils.tex
\XKV@toks=\toks37
\XKV@tempa@toks=\toks38
)
\XKV@depth=\count309
File: xkeyval.tex 2014/12/03 v2.7a key=value parser (HA)
))
(c:/texlive/2024/texmf-dist/tex/latex/adjustbox/adjcalc.sty
Package: adjcalc 2012/05/16 v1.1 Provides advanced setlength with multiple back
-ends (calc, etex, pgfmath)
)
(c:/texlive/2024/texmf-dist/tex/latex/adjustbox/trimclip.sty
Package: trimclip 2020/08/19 v1.2 Trim and clip general TeX material

(c:/texlive/2024/texmf-dist/tex/latex/collectbox/collectbox.sty
Package: collectbox 2022/10/17 v0.4c Collect macro arguments as boxes
\collectedbox=\box73
)
\tc@llx=\dimen280
\tc@lly=\dimen281
\tc@urx=\dimen282
\tc@ury=\dimen283
Package trimclip Info: Using driver 'tc-pdftex.def'.

(c:/texlive/2024/texmf-dist/tex/latex/adjustbox/tc-pdftex.def
File: tc-pdftex.def 2019/01/04 v2.2 Clipping driver for pdftex
))
\adjbox@Width=\dimen284
\adjbox@Height=\dimen285
\adjbox@Depth=\dimen286
\adjbox@Totalheight=\dimen287
\adjbox@pwidth=\dimen288
\adjbox@pheight=\dimen289
\adjbox@pdepth=\dimen290
\adjbox@ptotalheight=\dimen291

(c:/texlive/2024/texmf-dist/tex/latex/ifoddpage/ifoddpage.sty
Package: ifoddpage 2022/10/18 v1.2 Conditionals for odd/even page detection
\c@checkoddpage=\count310
)
(c:/texlive/2024/texmf-dist/tex/latex/varwidth/varwidth.sty
Package: varwidth 2009/03/30 ver 0.92;  Variable-width minipages
\@vwid@box=\box74
\sift@deathcycles=\count311
\@vwid@loff=\dimen292
\@vwid@roff=\dimen293
))
(c:/texlive/2024/texmf-dist/tex/latex/adforn/adforn.sty
Package: adforn 2019/10/13 v1.1b adforn CFR

(c:/texlive/2024/texmf-dist/tex/latex/psnfss/pifont.sty
Package: pifont 2020/03/25 PSNFSS-v9.3 Pi font support (SPQR) 
LaTeX Font Info:    Trying to load font information for U+pzd on input line 63.


(c:/texlive/2024/texmf-dist/tex/latex/psnfss/upzd.fd
File: upzd.fd 2001/06/04 font definitions for U/pzd.
)
LaTeX Font Info:    Trying to load font information for U+psy on input line 64.


(c:/texlive/2024/texmf-dist/tex/latex/psnfss/upsy.fd
File: upsy.fd 2001/06/04 font definitions for U/psy.
))
LaTeX Font Info:    Trying to load font information for U+OrnementsADF on input
 line 4.

(c:/texlive/2024/texmf-dist/tex/latex/adforn/uornementsadf.fd))
(c:/texlive/2024/texmf-dist/tex/latex/lastpage/lastpage.sty
Package: lastpage 2024/04/27 v2.1a lastpage: 2.09 or 2e? (HMM)

(c:/texlive/2024/texmf-dist/tex/latex/lastpage/lastpage2e.sty
Package: lastpage2e 2024/04/27 v2.1a Decide which 2e lastpage version to use (H
MM)

(c:/texlive/2024/texmf-dist/tex/latex/lastpage/lastpagemodern.sty
Package: lastpagemodern 2024-04-27 v2.1a Refers to last page's name (HMM; JPG)
\c@lastpagecount=\count312
) 
)) (c:/texlive/2024/texmf-dist/tex/latex/titlesec/titlesec.sty
Package: titlesec 2023/10/27 v2.16 Sectioning titles
\ttl@box=\box75
\beforetitleunit=\skip133
\aftertitleunit=\skip134
\ttl@plus=\dimen294
\ttl@minus=\dimen295
\ttl@toksa=\toks39
\titlewidth=\dimen296
\titlewidthlast=\dimen297
\titlewidthfirst=\dimen298
)
(c:/texlive/2024/texmf-dist/tex/latex/booktabs/booktabs.sty
Package: booktabs 2020/01/12 v1.61803398 Publication quality tables
\heavyrulewidth=\dimen299
\lightrulewidth=\dimen300
\cmidrulewidth=\dimen301
\belowrulesep=\dimen302
\belowbottomsep=\dimen303
\aboverulesep=\dimen304
\abovetopsep=\dimen305
\cmidrulesep=\dimen306
\cmidrulekern=\dimen307
\defaultaddspace=\dimen308
\@cmidla=\count313
\@cmidlb=\count314
\@aboverulesep=\dimen309
\@belowrulesep=\dimen310
\@thisruleclass=\count315
\@lastruleclass=\count316
\@thisrulewidth=\dimen311
)
(c:/texlive/2024/texmf-dist/tex/latex/tools/array.sty
Package: array 2023/10/16 v2.5g Tabular extension package (FMi)
\col@sep=\dimen312
\ar@mcellbox=\box76
\extrarowheight=\dimen313
\NC@list=\toks40
\extratabsurround=\skip135
\backup@length=\skip136
\ar@cellbox=\box77
)
(c:/texlive/2024/texmf-dist/tex/latex/caption/caption.sty
Package: caption 2023/08/05 v3.6o Customizing captions (AR)

(c:/texlive/2024/texmf-dist/tex/latex/caption/caption3.sty
Package: caption3 2023/07/31 v2.4d caption3 kernel (AR)
\caption@tempdima=\dimen314
\captionmargin=\dimen315
\caption@leftmargin=\dimen316
\caption@rightmargin=\dimen317
\caption@width=\dimen318
\caption@indent=\dimen319
\caption@parindent=\dimen320
\caption@hangindent=\dimen321
Package caption Info: Standard document class detected.
)
\c@caption@flags=\count317
\c@continuedfloat=\count318
)
(c:/texlive/2024/texmf-dist/tex/latex/setspace/setspace.sty
Package: setspace 2022/12/04 v6.7b set line spacing
)
(c:/texlive/2024/texmf-dist/tex/generic/oberdiek/iflang.sty
Package: iflang 2018/01/21 v1.7 Checks for the current language (HO)
Package iflang Info: Naming convention for patterns: babel.
)
(c:/texlive/2024/texmf-dist/tex/latex/listings/listings.sty
\lst@mode=\count319
\lst@gtempboxa=\box78
\lst@token=\toks41
\lst@length=\count320
\lst@currlwidth=\dimen322
\lst@column=\count321
\lst@pos=\count322
\lst@lostspace=\dimen323
\lst@width=\dimen324
\lst@newlines=\count323
\lst@lineno=\count324
\lst@maxwidth=\dimen325

(c:/texlive/2024/texmf-dist/tex/latex/listings/lstpatch.sty
File: lstpatch.sty 2024/03/11 1.10a (Carsten Heinz)
)
(c:/texlive/2024/texmf-dist/tex/latex/listings/lstmisc.sty
File: lstmisc.sty 2024/03/11 1.10a (Carsten Heinz)
\c@lstnumber=\count325
\lst@skipnumbers=\count326
\lst@framebox=\box79
)
(c:/texlive/2024/texmf-dist/tex/latex/listings/listings.cfg
File: listings.cfg 2024/03/11 1.10a listings configuration
))
Package: listings 2024/03/11 1.10a (Carsten Heinz)

(c:/texlive/2024/texmf-dist/tex/latex/lipsum/lipsum.sty
(c:/texlive/2024/texmf-dist/tex/latex/l3packages/l3keys2e/l3keys2e.sty
Package: l3keys2e 2024-03-14 LaTeX2e option processing using LaTeX3 keys
)
Package: lipsum 2021-09-20 v2.7 150 paragraphs of Lorem Ipsum dummy text
\g__lipsum_par_int=\count327
\l__lipsum_a_int=\count328
\l__lipsum_b_int=\count329

(c:/texlive/2024/texmf-dist/tex/latex/lipsum/lipsum.ltd.tex))
(c:/texlive/2024/texmf-dist/tex/latex/fontawesome5/fontawesome5.sty
Package: fontawesome5 2022/05/02 v5.15.4 Font Awesome 5

(c:/texlive/2024/texmf-dist/tex/latex/fontawesome5/fontawesome5-generic-helper.
sty
Package: fontawesome5-generic-helper 2022/05/02 v5.15.4 non-uTeX helper for fon
tawesome5
 (c:/texlive/2024/texmf-dist/tex/latex/fontawesome5/fontawesome5-mapping.def)))
 (c:/texlive/2024/texmf-dist/tex/generic/chemfig/chemfig.sty
(c:/texlive/2024/texmf-dist/tex/generic/chemfig/chemfig.tex
(c:/texlive/2024/texmf-dist/tex/generic/simplekv/simplekv.tex
Package: simplekv 2023/10/02 v0.2c Simple keyval package (CT)
)
(c:/texlive/2024/texmf-dist/tex/generic/pgf/libraries/pgflibraryarrows.meta.cod
e.tex
File: pgflibraryarrows.meta.code.tex 2023-01-15 v3.1.10 (3.1.10)
\pgfarrowinset=\dimen326
\pgfarrowlength=\dimen327
\pgfarrowwidth=\dimen328
\pgfarrowlinewidth=\dimen329
)
\CF_cnt_atomgroup=\count330
\CF_cnt_group=\count331
\CF_cnt_atom=\count332
\CF_cnt_cycle=\count333
\CF_cnt_cyclebonds=\count334
\CF_cnt_compound=\count335
\CF_dim=\dimen330
\CF_turnangle=\dimen331
\CF_arrowsize=\dimen332
\CF_zero=\dimen333
\CF_box=\box80
\CF_boxstuff=\box81
\CF_testbox=\box82
\CF_chargebox=\box83
\CF_substtoks=\toks42
)
Package: chemfig 2023/12/28 v1.66 Draw molecule with an easy syntax (CT)
) (c:/texlive/2024/texmf-dist/tex/latex/circuitikz/circuitikz.sty
Package: circuitikz 2024/05/05{} The CircuiTikz circuit drawing package version
 1.6.8

(c:/texlive/2024/texmf-dist/tex/generic/pgf/frontendlayer/tikz/libraries/tikzli
brarycalc.code.tex
File: tikzlibrarycalc.code.tex 2023-01-15 v3.1.10 (3.1.10)
)
(c:/texlive/2024/texmf-dist/tex/generic/pgf/frontendlayer/tikz/libraries/tikzli
brarybending.code.tex
File: tikzlibrarybending.code.tex 2023-01-15 v3.1.10 (3.1.10)

(c:/texlive/2024/texmf-dist/tex/generic/pgf/modules/pgfmodulebending.code.tex
File: pgfmodulebending.code.tex 2023-01-15 v3.1.10 (3.1.10)

(c:/texlive/2024/texmf-dist/tex/generic/pgf/modules/pgfmodulenonlineartransform
ations.code.tex
File: pgfmodulenonlineartransformations.code.tex 2023-01-15 v3.1.10 (3.1.10)
\pgftransformnonlinearflatness=\dimen334
)
(c:/texlive/2024/texmf-dist/tex/generic/pgf/libraries/pgflibrarycurvilinear.cod
e.tex
File: pgflibrarycurvilinear.code.tex 2023-01-15 v3.1.10 (3.1.10)
\pgf@curvilinear@time@a=\dimen335
\pgf@curvilinear@length@a=\dimen336
\pgf@curvilinear@length@b=\dimen337
\pgf@curvilinear@length@c=\dimen338
\pgf@curvilinear@length@d=\dimen339
)
\pgf@arrows@the@rigidity=\dimen340
))
(c:/texlive/2024/texmf-dist/tex/generic/pgf/frontendlayer/tikz/libraries/tikzli
braryfpu.code.tex
(c:/texlive/2024/texmf-dist/tex/generic/pgf/libraries/pgflibraryfpu.code.tex))
(c:/texlive/2024/texmf-dist/tex/generic/circuitikz/pgfcirc.defines.tex
\pgf@circ@count@a=\count336
\pgf@circ@count@b=\count337
\pgf@circ@count@c=\count338
\pgf@circ@res@up=\dimen341
\pgf@circ@res@down=\dimen342
\pgf@circ@res@zero=\dimen343
\pgf@circ@res@left=\dimen344
\pgf@circ@res@right=\dimen345
\pgf@circ@res@other=\dimen346
\pgf@circ@res@step=\dimen347
\pgf@circ@res@temp=\dimen348
\pgf@circ@Rlen=\dimen349
\pgf@circ@scaled@Rlen=\dimen350
\pgfstartlinewidth=\dimen351
)
(c:/texlive/2024/texmf-dist/tex/generic/circuitikz/pgfcircutils.tex
\ctikz@scratchbox=\box84
)
(c:/texlive/2024/texmf-dist/tex/generic/circuitikz/pgfcircpath.tex)
(c:/texlive/2024/texmf-dist/tex/generic/circuitikz/pgfcircshapes.tex)
(c:/texlive/2024/texmf-dist/tex/generic/circuitikz/pgfcircmonopoles.tex)
(c:/texlive/2024/texmf-dist/tex/generic/circuitikz/pgfcircbipoles.tex)
(c:/texlive/2024/texmf-dist/tex/generic/circuitikz/pgfcirctripoles.tex
\pgf@circ@res@count=\count339
)
(c:/texlive/2024/texmf-dist/tex/generic/circuitikz/pgfcircquadpoles.tex)
(c:/texlive/2024/texmf-dist/tex/generic/circuitikz/pgfcircmultipoles.tex)
(c:/texlive/2024/texmf-dist/tex/generic/circuitikz/pgfcirclabel.tex)
(c:/texlive/2024/texmf-dist/tex/generic/circuitikz/pgfcircvoltage.tex
\pgfcirc@labelshift=\dimen352
)
(c:/texlive/2024/texmf-dist/tex/generic/circuitikz/pgfcirccurrent.tex)
(c:/texlive/2024/texmf-dist/tex/generic/circuitikz/pgfcircflow.tex))
(c:/texlive/2024/texmf-dist/tex/latex/supertabular/supertabular.sty
Package: supertabular 2020/02/02 v4.1g the supertabular environment
\c@tracingst=\count340
\ST@wd=\dimen353
\ST@rightskip=\skip137
\ST@leftskip=\skip138
\ST@parfillskip=\skip139
\ST@pageleft=\dimen354
\ST@headht=\dimen355
\ST@tailht=\dimen356
\ST@pagesofar=\dimen357
\ST@pboxht=\dimen358
\ST@lineht=\dimen359
\ST@prevht=\dimen360
\ST@toadd=\dimen361
\ST@dimen=\dimen362
\ST@pbox=\box85
)
(c:/texlive/2024/texmf-dist/tex/latex/matlab-prettifier/matlab-prettifier.sty
Package: matlab-prettifier 2014/06/19 v0.3 A package for prettyprinting Matlab 
source code

(c:/texlive/2024/texmf-dist/tex/latex/base/textcomp.sty
Package: textcomp 2020/02/02 v2.0n Standard LaTeX package
)
\netBracketCount@mlpr=\count341
\blkLvl@mlpr=\count342
\blkLvlAtClassdef@mlpr=\count343
\emHeight@mlpr=\skip140
\jayDepth@mlpr=\skip141
\sectionRuleOffset@mlpr=\skip142
\toks@mlpr=\toks43
)
(c:/texlive/2024/texmf-dist/tex/latex/csquotes/csquotes.sty
Package: csquotes 2024-04-04 v5.2o context-sensitive quotations (JAW)
\csq@reset=\count344
\csq@gtype=\count345
\csq@glevel=\count346
\csq@qlevel=\count347
\csq@maxlvl=\count348
\csq@tshold=\count349
\csq@ltx@everypar=\toks44

(c:/texlive/2024/texmf-dist/tex/latex/csquotes/csquotes.def
File: csquotes.def 2024-04-04 v5.2o csquotes generic definitions (JAW)
)
Package csquotes Info: Trying to load configuration file 'csquotes.cfg'...
Package csquotes Info: ... configuration file loaded successfully.

(c:/texlive/2024/texmf-dist/tex/latex/csquotes/csquotes.cfg
File: csquotes.cfg 
))
(c:/texlive/2024/texmf-dist/tex/latex/ragged2e/ragged2e.sty
Package: ragged2e 2023/06/22 v3.6 ragged2e Package
\CenteringLeftskip=\skip143
\RaggedLeftLeftskip=\skip144
\RaggedRightLeftskip=\skip145
\CenteringRightskip=\skip146
\RaggedLeftRightskip=\skip147
\RaggedRightRightskip=\skip148
\CenteringParfillskip=\skip149
\RaggedLeftParfillskip=\skip150
\RaggedRightParfillskip=\skip151
\JustifyingParfillskip=\skip152
\CenteringParindent=\skip153
\RaggedLeftParindent=\skip154
\RaggedRightParindent=\skip155
\JustifyingParindent=\skip156
)
(c:/texlive/2024/texmf-dist/tex/latex/ccicons/ccicons.sty
Package: ccicons 2017/10/30 v1.6 LaTeX support for Creative Commons icons
)
(c:/texlive/2024/texmf-dist/tex/latex/imakeidx/imakeidx.sty
Package: imakeidx 2016/10/15 v1.3e Package for typesetting indices in a synchro
nous mode

(c:/texlive/2024/texmf-dist/tex/generic/iftex/ifxetex.sty
Package: ifxetex 2019/10/25 v0.7 ifxetex legacy package. Use iftex instead.
)
(c:/texlive/2024/texmf-dist/tex/generic/iftex/ifluatex.sty
Package: ifluatex 2019/10/25 v1.5 ifluatex legacy package. Use iftex instead.
))
(c:/texlive/2024/texmf-dist/tex/latex/caption/subcaption.sty
Package: subcaption 2023/07/28 v1.6b Sub-captions (AR)
Package caption Info: New subtype `subfigure' on input line 238.
\c@subfigure=\count350
Package caption Info: New subtype `subtable' on input line 238.
\c@subtable=\count351
)
(c:/texlive/2024/texmf-dist/tex/latex/sttools/stfloats.sty
Package: stfloats 2017/03/27 v3.3 Improve float mechanism and baselineskip sett
ings
\@dblbotnum=\count352
\c@dblbotnumber=\count353
)
(c:/texlive/2024/texmf-dist/tex/latex/preprint/authblk.sty
Package: authblk 2001/02/27 1.3 (PWD)
\affilsep=\skip157
\@affilsep=\skip158
\c@Maxaffil=\count354
\c@authors=\count355
\c@affil=\count356
)
(./rho-class/rhobabel.sty
Package: rho-class/rhobabel 2024/05/21

(c:/texlive/2024/texmf-dist/tex/generic/babel/babel.sty
Package: babel 2024/04/20 v24.4 The Babel package
\babel@savecnt=\count357
\U@D=\dimen363
\l@unhyphenated=\language89

(c:/texlive/2024/texmf-dist/tex/generic/babel/txtbabel.def)
\bbl@readstream=\read3
\bbl@dirlevel=\count358

(c:/texlive/2024/texmf-dist/tex/generic/babel-portuges/portuguese.ldf
Language: portuges 2021/07/09 v1.2t Portuguese support from the babel system
Package babel Info: Making " an active character on input line 143.
))
(c:/texlive/2024/texmf-dist/tex/generic/babel/locale/pt/babel-portuguese.tex
Package babel Info: Importing font and identification data for portuguese
(babel)             from babel-pt.ini. Reported on input line 11.
))
(./rho-class/rhoenvs.sty
Package: rho-class/rhoenvs 2024/05/21
)
(c:/texlive/2024/texmf-dist/tex/latex/geometry/geometry.sty
Package: geometry 2020/01/02 v5.9 Page Geometry

(c:/texlive/2024/texmf-dist/tex/generic/iftex/ifvtex.sty
Package: ifvtex 2019/10/25 v1.7 ifvtex legacy package. Use iftex instead.
)
\Gm@cnth=\count359
\Gm@cntv=\count360
\c@Gm@tempcnt=\count361
\Gm@bindingoffset=\dimen364
\Gm@wd@mp=\dimen365
\Gm@odd@mp=\dimen366
\Gm@even@mp=\dimen367
\Gm@layoutwidth=\dimen368
\Gm@layoutheight=\dimen369
\Gm@layouthoffset=\dimen370
\Gm@layoutvoffset=\dimen371
\Gm@dimlist=\toks45
)
(c:/texlive/2024/texmf-dist/tex/latex/here/here.sty)
(c:/texlive/2024/texmf-dist/tex/latex/float/float.sty
Package: float 2001/11/08 v1.3d Float enhancements (AL)
\c@float@type=\count362
\float@exts=\toks46
\float@box=\box86
\@float@everytoks=\toks47
\@floatcapt=\box87
)
(c:/texlive/2024/texmf-dist/tex/latex/colortbl/colortbl.sty
Package: colortbl 2024/02/20 v1.0g Color table columns (DPC)
\everycr=\toks48
\minrowclearance=\skip159
\rownum=\count363
)
(c:/texlive/2024/texmf-dist/tex/latex/tcolorbox/tcolorbox.sty
Package: tcolorbox 2024/01/10 version 6.2.0 text color boxes

(c:/texlive/2024/texmf-dist/tex/latex/tools/verbatim.sty
Package: verbatim 2023-11-06 v1.5v LaTeX2e package for verbatim enhancements
\every@verbatim=\toks49
\verbatim@line=\toks50
\verbatim@in@stream=\read4
)
(c:/texlive/2024/texmf-dist/tex/latex/environ/environ.sty
Package: environ 2014/05/04 v0.3 A new way to define environments

(c:/texlive/2024/texmf-dist/tex/latex/trimspaces/trimspaces.sty
Package: trimspaces 2009/09/17 v1.1 Trim spaces around a token list
)
\@envbody=\toks51
)
\tcb@titlebox=\box88
\tcb@upperbox=\box89
\tcb@lowerbox=\box90
\tcb@phantombox=\box91
\c@tcbbreakpart=\count364
\c@tcblayer=\count365
\c@tcolorbox@number=\count366
\l__tcobox_tmpa_box=\box92
\l__tcobox_tmpa_dim=\dimen372
\tcb@temp=\box93
\tcb@temp=\box94
\tcb@temp=\box95
\tcb@temp=\box96
)
(c:/texlive/2024/texmf-dist/tex/latex/amsmath/amsmath.sty
Package: amsmath 2023/05/13 v2.17o AMS math features
\@mathmargin=\skip160

For additional information on amsmath, use the `?' option.
(c:/texlive/2024/texmf-dist/tex/latex/amsmath/amstext.sty
Package: amstext 2021/08/26 v2.01 AMS text

(c:/texlive/2024/texmf-dist/tex/latex/amsmath/amsgen.sty
File: amsgen.sty 1999/11/30 v2.0 generic functions
\@emptytoks=\toks52
\ex@=\dimen373
))
(c:/texlive/2024/texmf-dist/tex/latex/amsmath/amsbsy.sty
Package: amsbsy 1999/11/29 v1.2d Bold Symbols
\pmbraise@=\dimen374
)
(c:/texlive/2024/texmf-dist/tex/latex/amsmath/amsopn.sty
Package: amsopn 2022/04/08 v2.04 operator names
)
\inf@bad=\count367
LaTeX Info: Redefining \frac on input line 234.
\uproot@=\count368
\leftroot@=\count369
LaTeX Info: Redefining \overline on input line 399.
LaTeX Info: Redefining \colon on input line 410.
\classnum@=\count370
\DOTSCASE@=\count371
LaTeX Info: Redefining \ldots on input line 496.
LaTeX Info: Redefining \dots on input line 499.
LaTeX Info: Redefining \cdots on input line 620.
\Mathstrutbox@=\box97
\strutbox@=\box98
LaTeX Info: Redefining \big on input line 722.
LaTeX Info: Redefining \Big on input line 723.
LaTeX Info: Redefining \bigg on input line 724.
LaTeX Info: Redefining \Bigg on input line 725.
\big@size=\dimen375
LaTeX Font Info:    Redeclaring font encoding OML on input line 743.
LaTeX Font Info:    Redeclaring font encoding OMS on input line 744.
\macc@depth=\count372
LaTeX Info: Redefining \bmod on input line 905.
LaTeX Info: Redefining \pmod on input line 910.
LaTeX Info: Redefining \smash on input line 940.
LaTeX Info: Redefining \relbar on input line 970.
LaTeX Info: Redefining \Relbar on input line 971.
\c@MaxMatrixCols=\count373
\dotsspace@=\muskip16
\c@parentequation=\count374
\dspbrk@lvl=\count375
\tag@help=\toks53
\row@=\count376
\column@=\count377
\maxfields@=\count378
\andhelp@=\toks54
\eqnshift@=\dimen376
\alignsep@=\dimen377
\tagshift@=\dimen378
\tagwidth@=\dimen379
\totwidth@=\dimen380
\lineht@=\dimen381
\@envbody=\toks55
\multlinegap=\skip161
\multlinetaggap=\skip162
\mathdisplay@stack=\toks56
LaTeX Info: Redefining \[ on input line 2953.
LaTeX Info: Redefining \] on input line 2954.
)
\linenoamsmath@ams@eqpen=\count379

(c:/texlive/2024/texmf-dist/tex/latex/amsfonts/amsfonts.sty
Package: amsfonts 2013/01/14 v3.01 Basic AMSFonts support
\symAMSa=\mathgroup4
\symAMSb=\mathgroup5
LaTeX Font Info:    Redeclaring math symbol \hbar on input line 98.
LaTeX Font Info:    Overwriting math alphabet `\mathfrak' in version `bold'
(Font)                  U/euf/m/n --> U/euf/b/n on input line 106.
)
(c:/texlive/2024/texmf-dist/tex/latex/mathtools/mathtools.sty
Package: mathtools 2024/03/11 v1.30 mathematical typesetting tools

(c:/texlive/2024/texmf-dist/tex/latex/mathtools/mhsetup.sty
Package: mhsetup 2021/03/18 v1.4 programming setup (MH)
)
\g_MT_multlinerow_int=\count380
\l_MT_multwidth_dim=\dimen382
\origjot=\skip163
\l_MT_shortvdotswithinadjustabove_dim=\dimen383
\l_MT_shortvdotswithinadjustbelow_dim=\dimen384
\l_MT_above_intertext_sep=\dimen385
\l_MT_below_intertext_sep=\dimen386
\l_MT_above_shortintertext_sep=\dimen387
\l_MT_below_shortintertext_sep=\dimen388
\xmathstrut@box=\box99
\xmathstrut@dim=\dimen389
)
\eqskip=\skip164

(c:/texlive/2024/texmf-dist/tex/latex/stix2-type1/stix2.sty
Package: stix2 2021/01/14 v2.0.2-latex STIX Two fonts support package
Now handling font encoding LS1 ...
... no UTF-8 mapping file for font encoding LS1
Now handling font encoding LS2 ...
... no UTF-8 mapping file for font encoding LS2
LaTeX Font Info:    Redeclaring symbol font `letters' on input line 78.
LaTeX Font Info:    Encoding `OML' has changed to `LS1' for symbol font
(Font)              `letters' in the math version `normal' on input line 78.
LaTeX Font Info:    Overwriting symbol font `letters' in version `normal'
(Font)                  OML/cmm/m/it --> LS1/stix2/m/it on input line 78.
LaTeX Font Info:    Encoding `OML' has changed to `LS1' for symbol font
(Font)              `letters' in the math version `bold' on input line 78.
LaTeX Font Info:    Overwriting symbol font `letters' in version `bold'
(Font)                  OML/cmm/b/it --> LS1/stix2/m/it on input line 78.
LaTeX Font Info:    Redeclaring symbol font `operators' on input line 79.
LaTeX Font Info:    Encoding `OT1' has changed to `LS1' for symbol font
(Font)              `operators' in the math version `normal' on input line 79.
LaTeX Font Info:    Overwriting symbol font `operators' in version `normal'
(Font)                  OT1/cmr/m/n --> LS1/stix2/m/n on input line 79.
LaTeX Font Info:    Encoding `OT1' has changed to `LS1' for symbol font
(Font)              `operators' in the math version `bold' on input line 79.
LaTeX Font Info:    Overwriting symbol font `operators' in version `bold'
(Font)                  OT1/cmr/bx/n --> LS1/stix2/m/n on input line 79.
\symbold-operators=\mathgroup6
LaTeX Font Info:    Redeclaring symbol font `symbols' on input line 81.
LaTeX Font Info:    Encoding `OMS' has changed to `LS1' for symbol font
(Font)              `symbols' in the math version `normal' on input line 81.
LaTeX Font Info:    Overwriting symbol font `symbols' in version `normal'
(Font)                  OMS/cmsy/m/n --> LS1/stix2scr/m/n on input line 81.
LaTeX Font Info:    Encoding `OMS' has changed to `LS1' for symbol font
(Font)              `symbols' in the math version `bold' on input line 81.
LaTeX Font Info:    Overwriting symbol font `symbols' in version `bold'
(Font)                  OMS/cmsy/b/n --> LS1/stix2scr/m/n on input line 81.
\symsymbols2=\mathgroup7
\symsymbols3=\mathgroup8
\symsymbols4=\mathgroup9
\symintegrals=\mathgroup10
LaTeX Font Info:    Redeclaring symbol font `largesymbols' on input line 86.
LaTeX Font Info:    Encoding `OMX' has changed to `LS2' for symbol font
(Font)              `largesymbols' in the math version `normal' on input line 8
6.
LaTeX Font Info:    Overwriting symbol font `largesymbols' in version `normal'
(Font)                  OMX/cmex/m/n --> LS2/stix2ex/m/n on input line 86.
LaTeX Font Info:    Encoding `OMX' has changed to `LS2' for symbol font
(Font)              `largesymbols' in the math version `bold' on input line 86.

LaTeX Font Info:    Overwriting symbol font `largesymbols' in version `bold'
(Font)                  OMX/cmex/m/n --> LS2/stix2ex/m/n on input line 86.
\symarrows1=\mathgroup11
\symarrows2=\mathgroup12
\symarrows3=\mathgroup13
LaTeX Font Info:    Overwriting symbol font `letters' in version `bold'
(Font)                  LS1/stix2/m/it --> LS1/stix2/b/it on input line 90.
LaTeX Font Info:    Overwriting symbol font `operators' in version `bold'
(Font)                  LS1/stix2/m/n --> LS1/stix2/b/n on input line 91.
LaTeX Font Info:    Overwriting symbol font `symbols' in version `bold'
(Font)                  LS1/stix2scr/m/n --> LS1/stix2scr/b/n on input line 92.

LaTeX Font Info:    Overwriting symbol font `symbols2' in version `bold'
(Font)                  LS1/stix2frak/m/n --> LS1/stix2frak/b/n on input line 9
3.
LaTeX Font Info:    Overwriting symbol font `symbols3' in version `bold'
(Font)                  LS1/stix2bb/m/n --> LS1/stix2bb/b/n on input line 94.
LaTeX Font Info:    Overwriting symbol font `symbols4' in version `bold'
(Font)                  LS1/stix2bb/m/it --> LS1/stix2bb/b/it on input line 95.

LaTeX Font Info:    Overwriting symbol font `integrals' in version `bold'
(Font)                  LS2/stix2cal/m/n --> LS2/stix2cal/b/n on input line 96.

LaTeX Font Info:    Overwriting symbol font `largesymbols' in version `bold'
(Font)                  LS2/stix2ex/m/n --> LS2/stix2ex/b/n on input line 97.
LaTeX Font Info:    Overwriting symbol font `arrows1' in version `bold'
(Font)                  LS1/stix2sf/m/n --> LS1/stix2sf/b/n on input line 98.
LaTeX Font Info:    Overwriting symbol font `arrows2' in version `bold'
(Font)                  LS1/stix2sf/m/it --> LS1/stix2sf/b/it on input line 99.

LaTeX Font Info:    Overwriting symbol font `arrows3' in version `bold'
(Font)                  LS2/stix2tt/m/n --> LS2/stix2tt/b/n on input line 100.
LaTeX Font Info:    Redeclaring math alphabet \mathit on input line 101.
LaTeX Font Info:    Redeclaring math alphabet \mathfrak on input line 104.
LaTeX Font Info:    Redeclaring math alphabet \mathsf on input line 107.
LaTeX Font Info:    Redeclaring math alphabet \mathtt on input line 109.
LaTeX Font Info:    Redeclaring math alphabet \mathbf on input line 110.
LaTeX Info: Redefining \yen on input line 455.
LaTeX Info: Redefining \circledR on input line 457.
LaTeX Info: Redefining \checkmark on input line 459.
LaTeX Info: Redefining \maltese on input line 460.
LaTeX Font Info:    Redeclaring math accent \grave on input line 697.
LaTeX Font Info:    Redeclaring math accent \acute on input line 698.
LaTeX Font Info:    Redeclaring math accent \hat on input line 699.
LaTeX Font Info:    Redeclaring math accent \tilde on input line 700.
LaTeX Font Info:    Redeclaring math accent \bar on input line 701.
LaTeX Font Info:    Redeclaring math accent \breve on input line 702.
LaTeX Font Info:    Redeclaring math accent \dot on input line 703.
LaTeX Font Info:    Redeclaring math accent \ddot on input line 704.
LaTeX Font Info:    Redeclaring math accent \mathring on input line 706.
LaTeX Font Info:    Redeclaring math accent \check on input line 707.
LaTeX Font Info:    Redeclaring math accent \vec on input line 715.
LaTeX Font Info:    Redeclaring math accent \widehat on input line 727.
LaTeX Font Info:    Redeclaring math accent \widetilde on input line 728.
LaTeX Info: Redefining \vdots on input line 1517.
LaTeX Info: Redefining \cdots on input line 1521.
LaTeX Font Info:    Redeclaring math symbol \mathsterling on input line 1977.
LaTeX Info: Redefining \not on input line 2141.
)
(c:/texlive/2024/texmf-dist/tex/latex/psnfss/helvet.sty
Package: helvet 2020/03/25 PSNFSS-v9.3 (WaS) 
)
(c:/texlive/2024/texmf-dist/tex/latex/url/url.sty
\Urlmuskip=\muskip17
Package: url 2013/09/16  ver 3.4  Verb mode for urls, etc.
)
(c:/texlive/2024/texmf-dist/tex/latex/xurl/xurl.sty
Package: xurl 2022/01/09 v 0.10 modify URL breaks
)
(c:/texlive/2024/texmf-dist/tex/latex/hyperref/hyperref.sty
Package: hyperref 2024-01-20 v7.01h Hypertext links for LaTeX

(c:/texlive/2024/texmf-dist/tex/generic/pdfescape/pdfescape.sty
Package: pdfescape 2019/12/09 v1.15 Implements pdfTeX's escape features (HO)
)
(c:/texlive/2024/texmf-dist/tex/latex/hycolor/hycolor.sty
Package: hycolor 2020-01-27 v1.10 Color options for hyperref/bookmark (HO)
)
(c:/texlive/2024/texmf-dist/tex/latex/hyperref/nameref.sty
Package: nameref 2023-11-26 v2.56 Cross-referencing by name of section

(c:/texlive/2024/texmf-dist/tex/latex/refcount/refcount.sty
Package: refcount 2019/12/15 v3.6 Data extraction from label references (HO)
)
(c:/texlive/2024/texmf-dist/tex/generic/gettitlestring/gettitlestring.sty
Package: gettitlestring 2019/12/15 v1.6 Cleanup title references (HO)
)
\c@section@level=\count381
)
\@linkdim=\dimen390
\Hy@linkcounter=\count382
\Hy@pagecounter=\count383

(c:/texlive/2024/texmf-dist/tex/latex/hyperref/pd1enc.def
File: pd1enc.def 2024-01-20 v7.01h Hyperref: PDFDocEncoding definition (HO)
Now handling font encoding PD1 ...
... no UTF-8 mapping file for font encoding PD1
)
(c:/texlive/2024/texmf-dist/tex/generic/intcalc/intcalc.sty
Package: intcalc 2019/12/15 v1.3 Expandable calculations with integers (HO)
)
\Hy@SavedSpaceFactor=\count384

(c:/texlive/2024/texmf-dist/tex/latex/hyperref/puenc.def
File: puenc.def 2024-01-20 v7.01h Hyperref: PDF Unicode definition (HO)
Now handling font encoding PU ...
... no UTF-8 mapping file for font encoding PU
)
Package hyperref Info: Option `colorlinks' set `true' on input line 4062.
Package hyperref Info: Hyper figures OFF on input line 4179.
Package hyperref Info: Link nesting OFF on input line 4184.
Package hyperref Info: Hyper index ON on input line 4187.
Package hyperref Info: Plain pages OFF on input line 4194.
Package hyperref Info: Backreferencing OFF on input line 4199.
Package hyperref Info: Implicit mode ON; LaTeX internals redefined.
Package hyperref Info: Bookmarks ON on input line 4446.
\c@Hy@tempcnt=\count385
LaTeX Info: Redefining \url on input line 4784.
\XeTeXLinkMargin=\dimen391

(c:/texlive/2024/texmf-dist/tex/generic/bitset/bitset.sty
Package: bitset 2019/12/09 v1.3 Handle bit-vector datatype (HO)

(c:/texlive/2024/texmf-dist/tex/generic/bigintcalc/bigintcalc.sty
Package: bigintcalc 2019/12/15 v1.5 Expandable calculations on big integers (HO
)
))
\Fld@menulength=\count386
\Field@Width=\dimen392
\Fld@charsize=\dimen393
Package hyperref Info: Hyper figures OFF on input line 6063.
Package hyperref Info: Link nesting OFF on input line 6068.
Package hyperref Info: Hyper index ON on input line 6071.
Package hyperref Info: backreferencing OFF on input line 6078.
Package hyperref Info: Link coloring ON on input line 6081.
Package hyperref Info: Link coloring with OCG OFF on input line 6088.
Package hyperref Info: PDF/A mode OFF on input line 6093.

(c:/texlive/2024/texmf-dist/tex/latex/base/atbegshi-ltx.sty
Package: atbegshi-ltx 2021/01/10 v1.0c Emulation of the original atbegshi
package with kernel methods
)
\Hy@abspage=\count387
\c@Item=\count388
\c@Hfootnote=\count389
)
Package hyperref Info: Driver (autodetected): hpdftex.

(c:/texlive/2024/texmf-dist/tex/latex/hyperref/hpdftex.def
File: hpdftex.def 2024-01-20 v7.01h Hyperref driver for pdfTeX

(c:/texlive/2024/texmf-dist/tex/latex/base/atveryend-ltx.sty
Package: atveryend-ltx 2020/08/19 v1.0a Emulation of the original atveryend pac
kage
with kernel methods
)
\HyAnn@Count=\count390
\Fld@listcount=\count391
\c@bookmark@seq@number=\count392

(c:/texlive/2024/texmf-dist/tex/latex/rerunfilecheck/rerunfilecheck.sty
Package: rerunfilecheck 2022-07-10 v1.10 Rerun checks for auxiliary files (HO)

(c:/texlive/2024/texmf-dist/tex/generic/uniquecounter/uniquecounter.sty
Package: uniquecounter 2019/12/15 v1.4 Provide unlimited unique counter (HO)
)
Package uniquecounter Info: New unique counter `rerunfilecheck' on input line 2
85.
)
\Hy@SectionHShift=\skip165
)
(c:/texlive/2024/texmf-dist/tex/latex/cleveref/cleveref.sty
Package: cleveref 2018/03/27 v0.21.4 Intelligent cross-referencing
Package cleveref Info: `hyperref' support loaded on input line 2370.
LaTeX Info: Redefining \cref on input line 2370.
LaTeX Info: Redefining \Cref on input line 2370.
LaTeX Info: Redefining \crefrange on input line 2370.
LaTeX Info: Redefining \Crefrange on input line 2370.
LaTeX Info: Redefining \cpageref on input line 2370.
LaTeX Info: Redefining \Cpageref on input line 2370.
LaTeX Info: Redefining \cpagerefrange on input line 2370.
LaTeX Info: Redefining \Cpagerefrange on input line 2370.
LaTeX Info: Redefining \labelcref on input line 2370.
LaTeX Info: Redefining \labelcpageref on input line 2370.
Package cleveref Info: `listings' support loaded on input line 3131.
)
(c:/texlive/2024/texmf-dist/tex/latex/bookmark/bookmark.sty
Package: bookmark 2023-12-10 v1.31 PDF bookmarks (HO)

(c:/texlive/2024/texmf-dist/tex/latex/bookmark/bkm-pdftex.def
File: bkm-pdftex.def 2023-12-10 v1.31 bookmark driver for pdfTeX and luaTeX (HO
)
\BKM@id=\count393
))
(c:/texlive/2024/texmf-dist/tex/latex/enumitem/enumitem.sty
Package: enumitem 2019/06/20 v3.9 Customized lists
\labelindent=\skip166
\enit@outerparindent=\dimen394
\enit@toks=\toks57
\enit@inbox=\box100
\enit@count@id=\count394
\enitdp@description=\count395
)
\c@ttlp@side=\count396
\ttlp@side=\count397
\tocsep=\skip167

(c:/texlive/2024/texmf-dist/tex/latex/titlesec/titletoc.sty
Package: titletoc 2023/10/27 v2.16 TOC entries
\ttl@leftsep=\dimen395
)
(c:/texlive/2024/texmf-dist/tex/latex/listings/lstlang1.sty
File: lstlang1.sty 2024/03/11 1.10a listings language file
)
(c:/texlive/2024/texmf-dist/tex/latex/biblatex/biblatex.sty
Package: biblatex 2024/03/21 v3.20 programmable bibliographies (PK/MW)

(c:/texlive/2024/texmf-dist/tex/latex/logreq/logreq.sty
Package: logreq 2010/08/04 v1.0 xml request logger
\lrq@indent=\count398

(c:/texlive/2024/texmf-dist/tex/latex/logreq/logreq.def
File: logreq.def 2010/08/04 v1.0 logreq spec v1.0
))
\c@tabx@nest=\count399
\c@listtotal=\count400
\c@listcount=\count401
\c@liststart=\count402
\c@liststop=\count403
\c@citecount=\count404
\c@citetotal=\count405
\c@multicitecount=\count406
\c@multicitetotal=\count407
\c@instcount=\count408
\c@maxnames=\count409
\c@minnames=\count410
\c@maxitems=\count411
\c@minitems=\count412
\c@citecounter=\count413
\c@maxcitecounter=\count414
\c@savedcitecounter=\count415
\c@uniquelist=\count416
\c@uniquename=\count417
\c@refsection=\count418
\c@refsegment=\count419
\c@maxextratitle=\count420
\c@maxextratitleyear=\count421
\c@maxextraname=\count422
\c@maxextradate=\count423
\c@maxextraalpha=\count424
\c@abbrvpenalty=\count425
\c@highnamepenalty=\count426
\c@lownamepenalty=\count427
\c@maxparens=\count428
\c@parenlevel=\count429
\blx@tempcnta=\count430
\blx@tempcntb=\count431
\blx@tempcntc=\count432
\c@blx@maxsection=\count433
\blx@maxsegment@0=\count434
\blx@notetype=\count435
\blx@parenlevel@text=\count436
\blx@parenlevel@foot=\count437
\blx@sectionciteorder@0=\count438
\blx@sectionciteorderinternal@0=\count439
\blx@entrysetcounter=\count440
\blx@biblioinstance=\count441
\labelnumberwidth=\skip168
\labelalphawidth=\skip169
\biblabelsep=\skip170
\bibitemsep=\skip171
\bibnamesep=\skip172
\bibinitsep=\skip173
\bibparsep=\skip174
\bibhang=\skip175
\blx@bcfin=\read5
\blx@bcfout=\write4
\blx@langwohyphens=\language90
\c@mincomprange=\count442
\c@maxcomprange=\count443
\c@mincompwidth=\count444
Package biblatex Info: Trying to load biblatex default data model...
Package biblatex Info: ... file 'blx-dm.def' found.

(c:/texlive/2024/texmf-dist/tex/latex/biblatex/blx-dm.def
File: blx-dm.def 2024/03/21 v3.20 biblatex datamodel (PK/MW)
)
Package biblatex Info: Trying to load biblatex style data model...
Package biblatex Info: ... file 'ieee.dbx' not found.
Package biblatex Info: Trying to load biblatex custom data model...
Package biblatex Info: ... file 'biblatex-dm.cfg' not found.
\c@afterword=\count445
\c@savedafterword=\count446
\c@annotator=\count447
\c@savedannotator=\count448
\c@author=\count449
\c@savedauthor=\count450
\c@bookauthor=\count451
\c@savedbookauthor=\count452
\c@commentator=\count453
\c@savedcommentator=\count454
\c@editor=\count455
\c@savededitor=\count456
\c@editora=\count457
\c@savededitora=\count458
\c@editorb=\count459
\c@savededitorb=\count460
\c@editorc=\count461
\c@savededitorc=\count462
\c@foreword=\count463
\c@savedforeword=\count464
\c@holder=\count465
\c@savedholder=\count466
\c@introduction=\count467
\c@savedintroduction=\count468
\c@namea=\count469
\c@savednamea=\count470
\c@nameb=\count471
\c@savednameb=\count472
\c@namec=\count473
\c@savednamec=\count474
\c@translator=\count475
\c@savedtranslator=\count476
\c@shortauthor=\count477
\c@savedshortauthor=\count478
\c@shorteditor=\count479
\c@savedshorteditor=\count480
\c@labelname=\count481
\c@savedlabelname=\count482
\c@institution=\count483
\c@savedinstitution=\count484
\c@lista=\count485
\c@savedlista=\count486
\c@listb=\count487
\c@savedlistb=\count488
\c@listc=\count489
\c@savedlistc=\count490
\c@listd=\count491
\c@savedlistd=\count492
\c@liste=\count493
\c@savedliste=\count494
\c@listf=\count495
\c@savedlistf=\count496
\c@location=\count497
\c@savedlocation=\count498
\c@organization=\count499
\c@savedorganization=\count500
\c@origlocation=\count501
\c@savedoriglocation=\count502
\c@origpublisher=\count503
\c@savedorigpublisher=\count504
\c@publisher=\count505
\c@savedpublisher=\count506
\c@language=\count507
\c@savedlanguage=\count508
\c@origlanguage=\count509
\c@savedoriglanguage=\count510
\c@pageref=\count511
\c@savedpageref=\count512
\shorthandwidth=\skip176
\shortjournalwidth=\skip177
\shortserieswidth=\skip178
\shorttitlewidth=\skip179
\shortauthorwidth=\skip180
\shorteditorwidth=\skip181
\locallabelnumberwidth=\skip182
\locallabelalphawidth=\skip183
\localshorthandwidth=\skip184
\localshortjournalwidth=\skip185
\localshortserieswidth=\skip186
\localshorttitlewidth=\skip187
\localshortauthorwidth=\skip188
\localshorteditorwidth=\skip189
Package biblatex Info: Trying to load compatibility code...
Package biblatex Info: ... file 'blx-compat.def' found.

(c:/texlive/2024/texmf-dist/tex/latex/biblatex/blx-compat.def
File: blx-compat.def 2024/03/21 v3.20 biblatex compatibility (PK/MW)
)
Package biblatex Info: Trying to load generic definitions...
Package biblatex Info: ... file 'biblatex.def' found.

(c:/texlive/2024/texmf-dist/tex/latex/biblatex/biblatex.def
File: biblatex.def 2024/03/21 v3.20 biblatex compatibility (PK/MW)
\c@textcitecount=\count513
\c@textcitetotal=\count514
\c@textcitemaxnames=\count515
\c@biburlbigbreakpenalty=\count516
\c@biburlbreakpenalty=\count517
\c@biburlnumpenalty=\count518
\c@biburlucpenalty=\count519
\c@biburllcpenalty=\count520
\biburlbigskip=\muskip18
\biburlnumskip=\muskip19
\biburlucskip=\muskip20
\biburllcskip=\muskip21
\c@smartand=\count521
)
Package biblatex Info: Trying to load bibliography style 'ieee'...
Package biblatex Info: ... file 'ieee.bbx' found.

(c:/texlive/2024/texmf-dist/tex/latex/biblatex-ieee/ieee.bbx
File: ieee.bbx 2021/12/06 v1.3f biblatex bibliography style
Package biblatex Info: Trying to load bibliography style 'numeric-comp'...
Package biblatex Info: ... file 'numeric-comp.bbx' found.

(c:/texlive/2024/texmf-dist/tex/latex/biblatex/bbx/numeric-comp.bbx
File: numeric-comp.bbx 2024/03/21 v3.20 biblatex bibliography style (PK/MW)
Package biblatex Info: Trying to load bibliography style 'numeric'...
Package biblatex Info: ... file 'numeric.bbx' found.

(c:/texlive/2024/texmf-dist/tex/latex/biblatex/bbx/numeric.bbx
File: numeric.bbx 2024/03/21 v3.20 biblatex bibliography style (PK/MW)
Package biblatex Info: Trying to load bibliography style 'standard'...
Package biblatex Info: ... file 'standard.bbx' found.

(c:/texlive/2024/texmf-dist/tex/latex/biblatex/bbx/standard.bbx
File: standard.bbx 2024/03/21 v3.20 biblatex bibliography style (PK/MW)
\c@bbx:relatedcount=\count522
\c@bbx:relatedtotal=\count523
))))
Package biblatex Info: Trying to load citation style 'ieee'...
Package biblatex Info: ... file 'ieee.cbx' found.

(c:/texlive/2024/texmf-dist/tex/latex/biblatex-ieee/ieee.cbx
File: ieee.cbx 2021/12/06 v1.3f biblatex citation style
Package biblatex Info: Trying to load citation style 'numeric-comp'...
Package biblatex Info: ... file 'numeric-comp.cbx' found.

(c:/texlive/2024/texmf-dist/tex/latex/biblatex/cbx/numeric-comp.cbx
File: numeric-comp.cbx 2024/03/21 v3.20 biblatex citation style (PK/MW)
\c@cbx@tempcnta=\count524
\c@cbx@tempcntb=\count525
\c@cbx@tempcntc=\count526
\c@cbx@tempcntd=\count527
Package biblatex Info: Redefining '\cite'.
Package biblatex Info: Redefining '\parencite'.
Package biblatex Info: Redefining '\footcite'.
Package biblatex Info: Redefining '\footcitetext'.
Package biblatex Info: Redefining '\smartcite'.
Package biblatex Info: Redefining '\supercite'.
Package biblatex Info: Redefining '\textcite'.
Package biblatex Info: Redefining '\textcites'.
Package biblatex Info: Redefining '\cites'.
Package biblatex Info: Redefining '\parencites'.
Package biblatex Info: Redefining '\smartcites'.
)
Package biblatex Info: Redefining '\cite'.
Package biblatex Info: Redefining '\supercite'.
Package biblatex Info: Redefining '\cites'.
)
Package biblatex Info: Trying to load configuration file...
Package biblatex Info: ... file 'biblatex.cfg' found.

(c:/texlive/2024/texmf-dist/tex/latex/biblatex/biblatex.cfg
File: biblatex.cfg 
)
Package biblatex Info: Input encoding 'utf8' detected.
Package biblatex Info: Document encoding is UTF8 ....
Package biblatex Info: ... and expl3
(biblatex)             2024-04-11 L3 programming layer (loader) 
(biblatex)             is new enough (at least 2020/04/06),
(biblatex)             setting 'casechanger=expl3'.

(c:/texlive/2024/texmf-dist/tex/latex/biblatex/blx-case-expl3.sty
Package: blx-case-expl3 2024/03/21 v3.20 expl3 case changing code for biblatex
)))
Package csquotes Info: Checking for multilingual support...
Package csquotes Info: ... found 'babel' package.
Package csquotes Info: Adjusting default style.
Package csquotes Info: Redefining alias 'default' -> 'portuguese'.
LaTeX Font Info:    Trying to load font information for T1+stix2 on input line 
85.

(c:/texlive/2024/texmf-dist/tex/latex/stix2-type1/t1stix2.fd
File: t1stix2.fd 2018/04/02 v2.0.0-latex stix2 T1 font definitions
) (./main.aux)
\openout1 = `main.aux'.

LaTeX Font Info:    Checking defaults for OML/cmm/m/it on input line 85.
LaTeX Font Info:    ... okay on input line 85.
LaTeX Font Info:    Checking defaults for OMS/cmsy/m/n on input line 85.
LaTeX Font Info:    ... okay on input line 85.
LaTeX Font Info:    Checking defaults for OT1/cmr/m/n on input line 85.
LaTeX Font Info:    ... okay on input line 85.
LaTeX Font Info:    Checking defaults for T1/cmr/m/n on input line 85.
LaTeX Font Info:    ... okay on input line 85.
LaTeX Font Info:    Checking defaults for TS1/cmr/m/n on input line 85.
LaTeX Font Info:    ... okay on input line 85.
LaTeX Font Info:    Checking defaults for OMX/cmex/m/n on input line 85.
LaTeX Font Info:    ... okay on input line 85.
LaTeX Font Info:    Checking defaults for U/cmr/m/n on input line 85.
LaTeX Font Info:    ... okay on input line 85.
LaTeX Font Info:    Checking defaults for LS1/stix2/m/n on input line 85.
LaTeX Font Info:    Trying to load font information for LS1+stix2 on input line
 85.

(c:/texlive/2024/texmf-dist/tex/latex/stix2-type1/ls1stix2.fd
File: ls1stix2.fd 2018/04/02 v2.0.0-latex stix2 LS1 font definitions
)
LaTeX Font Info:    ... okay on input line 85.
LaTeX Font Info:    Checking defaults for LS2/stix2/m/n on input line 85.
LaTeX Font Info:    Trying to load font information for LS2+stix2 on input line
 85.

(c:/texlive/2024/texmf-dist/tex/latex/stix2-type1/ls2stix2.fd
File: ls2stix2.fd 2018/04/02 v2.0.0-latex stix2 LS2 font definitions
)
LaTeX Font Info:    ... okay on input line 85.
LaTeX Font Info:    Checking defaults for PD1/pdf/m/n on input line 85.
LaTeX Font Info:    ... okay on input line 85.
LaTeX Font Info:    Checking defaults for PU/pdf/m/n on input line 85.
LaTeX Font Info:    ... okay on input line 85.

(c:/texlive/2024/texmf-dist/tex/context/base/mkii/supp-pdf.mkii
[Loading MPS to PDF converter (version 2006.09.02).]
\scratchcounter=\count528
\scratchdimen=\dimen396
\scratchbox=\box101
\nofMPsegments=\count529
\nofMParguments=\count530
\everyMPshowfont=\toks58
\MPscratchCnt=\count531
\MPscratchDim=\dimen397
\MPnumerator=\count532
\makeMPintoPDFobject=\count533
\everyMPtoPDFconversion=\toks59
) (c:/texlive/2024/texmf-dist/tex/latex/epstopdf-pkg/epstopdf-base.sty
Package: epstopdf-base 2020-01-24 v2.11 Base part for package epstopdf
Package epstopdf-base Info: Redefining graphics rule for `.eps' on input line 4
85.

(c:/texlive/2024/texmf-dist/tex/latex/latexconfig/epstopdf-sys.cfg
File: epstopdf-sys.cfg 2010/07/13 v1.3 Configuration of (r)epstopdf for TeX Liv
e
))
LaTeX Info: Redefining \microtypecontext on input line 85.
Package microtype Info: Applying patch `item' on input line 85.
Package microtype Info: Applying patch `toc' on input line 85.
Package microtype Info: Applying patch `eqnum' on input line 85.
Package microtype Info: Applying patch `footnote' on input line 85.
Package microtype Info: Applying patch `verbatim' on input line 85.
Package microtype Info: Generating PDF output.
Package microtype Info: Character protrusion enabled (level 2).
Package microtype Info: Using default protrusion set `alltext'.
Package microtype Info: Automatic font expansion enabled (level 2),
(microtype)             stretch: 20, shrink: 20, step: 1, non-selected.
Package microtype Info: Using default expansion set `alltext-nott'.
LaTeX Info: Redefining \showhyphens on input line 85.
Package microtype Info: No adjustment of tracking.
Package microtype Info: No adjustment of interword spacing.
Package microtype Info: No adjustment of character kerning.

(c:/texlive/2024/texmf-dist/tex/latex/microtype/mt-ptm.cfg
File: mt-ptm.cfg 2006/04/20 v1.7 microtype config. file: Times (RS)
)
Package caption Info: Begin \AtBeginDocument code.
Package caption Info: float package is loaded.
Package caption Info: hyperref package is loaded.
Package caption Info: listings package is loaded.
Package caption Info: supertabular package is loaded.
Package caption Info: End \AtBeginDocument code.
\c@lstlisting=\count534

*geometry* driver: auto-detecting
*geometry* detected driver: pdftex
*geometry* verbose mode - [ preamble ] result:
* driver: pdftex
* paper: a4paper
* layout: <same size as paper>
* layoutoffset:(h,v)=(0.0pt,0.0pt)
* modes: twoside 
* h-part:(L,W,R)=(35.56593pt, 526.376pt, 35.56593pt)
* v-part:(T,H,B)=(56.9055pt, 731.23584pt, 56.9055pt)
* \paperwidth=597.50787pt
* \paperheight=845.04684pt
* \textwidth=526.376pt
* \textheight=731.23584pt
* \oddsidemargin=-36.70406pt
* \evensidemargin=-36.70406pt
* \topmargin=-48.70404pt
* \headheight=12.0pt
* \headsep=21.33955pt
* \topskip=9.0pt
* \footskip=30.0pt
* \marginparwidth=48.0pt
* \marginparsep=10.0pt
* \columnsep=15.0pt
* \skip\footins=8.0pt plus 4.0pt minus 2.0pt
* \hoffset=0.0pt
* \voffset=0.0pt
* \mag=1000
* \@twocolumntrue
* \@twosidetrue
* \@mparswitchtrue
* \@reversemarginfalse
* (1in=72.27pt=25.4mm, 1cm=28.453pt)

LaTeX Info: Command `\dddot' is already robust on input line 85.
LaTeX Info: Command `\ddddot' is already robust on input line 85.
Package hyperref Info: Link coloring ON on input line 85.
Package biblatex Info: Trying to load language 'portuguese'...
Package biblatex Info: ... file 'portuguese.lbx' found.
(c:/texlive/2024/texmf-dist/tex/latex/biblatex/lbx/portuguese.lbx
File: portuguese.lbx 2024/03/21 v3.20 biblatex localization (PK/MW)
)
Package biblatex Info: Input encoding 'utf8' detected.
Package biblatex Info: Automatic encoding selection.
(biblatex)             Assuming data encoding 'utf8'.
\openout4 = `main.bcf'.

Package biblatex Info: Trying to load bibliographic data...
Package biblatex Info: ... file 'main.bbl' found.
 (./main.bbl)
Package biblatex Info: Reference section=0 on input line 85.
Package biblatex Info: Reference segment=0 on input line 85.
LaTeX Font Info:    Trying to load font information for T1+phv on input line 88
.
(c:/texlive/2024/texmf-dist/tex/latex/psnfss/t1phv.fd
File: t1phv.fd 2020/03/25 scalable font definitions for T1/phv.
)
LaTeX Font Info:    Font shape `T1/phv/m/n' will be
(Font)              scaled to size 8.54997pt on input line 88.
Package microtype Info: Loading generic protrusion settings for font family
(microtype)             `phv' (encoding: T1).
(microtype)             For optimal results, create family-specific settings.
(microtype)             See the microtype manual for details.
LaTeX Font Info:    Font shape `T1/phv/b/n' will be
(Font)              scaled to size 8.54997pt on input line 88.
LaTeX Font Info:    Font shape `T1/phv/b/n' will be
(Font)              scaled to size 15.19995pt on input line 88.
LaTeX Font Info:    Font shape `T1/phv/m/n' will be
(Font)              scaled to size 9.49997pt on input line 93.
LaTeX Font Info:    Font shape `T1/phv/b/n' will be
(Font)              scaled to size 9.49997pt on input line 93.
Package lettrine.sty Info: Targeted height = 15.846pt
(lettrine.sty)             (for loversize=0, accent excluded),
(lettrine.sty)             Lettrine height = 16.37498pt ({\color {rhocolor}\bfs
eries \fontsize {25pt}{28pt}\selectfont {W}});
(lettrine.sty)             reported on input line 95.
LaTeX Font Info:    Trying to load font information for T1+lmtt on input line 1
01.

(c:/texlive/2024/texmf-dist/tex/latex/lm/t1lmtt.fd
File: t1lmtt.fd 2015/05/01 v1.6.1 Font defs for Latin Modern
)
Package microtype Info: Loading generic protrusion settings for font family
(microtype)             `lmtt' (encoding: T1).
(microtype)             For optimal results, create family-specific settings.
(microtype)             See the microtype manual for details.
LaTeX Font Info:    Trying to load font information for LS1+stix2scr on input l
ine 136.

(c:/texlive/2024/texmf-dist/tex/latex/stix2-type1/ls1stix2scr.fd
File: ls1stix2scr.fd 2018/04/02 v2.0.0-latex stix2 script LS1 font definitions
)
LaTeX Font Info:    Trying to load font information for LS2+stix2ex on input li
ne 136.

(c:/texlive/2024/texmf-dist/tex/latex/stix2-type1/ls2stix2ex.fd
File: ls2stix2ex.fd 2018/04/02 v2.0.0-latex stix2 extentions LS2 font definitio
ns
)
LaTeX Font Info:    Trying to load font information for U+msa on input line 136
.

(c:/texlive/2024/texmf-dist/tex/latex/amsfonts/umsa.fd
File: umsa.fd 2013/01/14 v3.01 AMS symbols A
)
(c:/texlive/2024/texmf-dist/tex/latex/microtype/mt-msa.cfg
File: mt-msa.cfg 2006/02/04 v1.1 microtype config. file: AMS symbols (a) (RS)
)
LaTeX Font Info:    Trying to load font information for U+msb on input line 136
.

(c:/texlive/2024/texmf-dist/tex/latex/amsfonts/umsb.fd
File: umsb.fd 2013/01/14 v3.01 AMS symbols B
)
(c:/texlive/2024/texmf-dist/tex/latex/microtype/mt-msb.cfg
File: mt-msb.cfg 2005/06/01 v1.0 microtype config. file: AMS symbols (b) (RS)
)
LaTeX Font Info:    Trying to load font information for LS1+stix2frak on input 
line 136.

(c:/texlive/2024/texmf-dist/tex/latex/stix2-type1/ls1stix2frak.fd
File: ls1stix2frak.fd 2018/04/02 v2.0.0-latex stix2 fraktur LS1 font definition
s
)
LaTeX Font Info:    Trying to load font information for LS1+stix2bb on input li
ne 136.

(c:/texlive/2024/texmf-dist/tex/latex/stix2-type1/ls1stix2bb.fd
File: ls1stix2bb.fd 2018/04/02 v2.0.0-latex stix2 blackboard LS1 font definitio
ns
)
LaTeX Font Info:    Trying to load font information for LS2+stix2cal on input l
ine 136.

(c:/texlive/2024/texmf-dist/tex/latex/stix2-type1/ls2stix2cal.fd
File: ls2stix2cal.fd 2018/04/02 v2.0.0-latex stix2 calligraphic LS2 font defini
tions
)
LaTeX Font Info:    Trying to load font information for LS1+stix2sf on input li
ne 136.

(c:/texlive/2024/texmf-dist/tex/latex/stix2-type1/ls1stix2sf.fd
File: ls1stix2sf.fd 2018/04/02 v2.0.0-latex stix2 sans-serif LS1 font definitio
ns
)
LaTeX Font Info:    Trying to load font information for LS2+stix2tt on input li
ne 136.

(c:/texlive/2024/texmf-dist/tex/latex/stix2-type1/ls2stix2tt.fd
File: ls2stix2tt.fd 2018/04/02 v2.0.0-latex stix2 typewriter LS2 font definitio
ns
)
Package mdframed Info: mdframed works in twoside mode on input line 153.
<figures/Example.pdf, id=9, 210.7875pt x 174.6525pt>
File: figures/Example.pdf Graphic file (type pdf)
<use figures/Example.pdf>
Package pdftex.def Info: figures/Example.pdf  used on input line 175.
(pdftex.def)             Requested size: 181.54019pt x 150.42207pt.
LaTeX Font Info:    Font shape `T1/phv/b/n' will be
(Font)              scaled to size 7.59998pt on input line 176.
<figures/example2.pdf, id=12, 235.88126pt x 190.7125pt>
File: figures/example2.pdf Graphic file (type pdf)
<use figures/example2.pdf>
Package pdftex.def Info: figures/example2.pdf  used on input line 187.
(pdftex.def)             Requested size: 200.02545pt x 161.72516pt.
LaTeX Font Info:    Font shape `T1/phv/b/n' will be
(Font)              scaled to size 6.64998pt on input line 188.
File: figures/example2.pdf Graphic file (type pdf)
<use figures/example2.pdf>
Package pdftex.def Info: figures/example2.pdf  used on input line 194.
(pdftex.def)             Requested size: 200.02545pt x 161.72516pt.
LaTeX Font Info:    Font shape `T1/phv/m/n' will be
(Font)              scaled to size 6.64998pt on input line 200.
LaTeX Font Info:    Font shape `T1/phv/m/n' will be
(Font)              scaled to size 4.74998pt on input line 200.
 [1{c:/texlive/2024/texmf-var/fonts/map/pdftex/updmap/pdftex.map}{c:/texlive/20
24/texmf-dist/fonts/enc/dvips/base/8r.enc}{c:/texlive/2024/texmf-dist/fonts/enc
/dvips/stix2-type1/stix2-t1.enc}


{c:/texlive/2024/texmf-dist/fonts/enc/dvips/lm/lm-ec.enc}{c:/texlive/2024/texmf
-dist/fonts/enc/dvips/stix2-type1/stix2-mathit.enc}{c:/texlive/2024/texmf-dist/
fonts/enc/dvips/stix2-type1/stix2-mathrm.enc}{c:/texlive/2024/texmf-dist/fonts/
enc/dvips/stix2-type1/stix2-mathrm-bold.enc} <./figures/Example.pdf>]
LaTeX Font Info:    Trying to load font information for TS1+stix2 on input line
 216.
 (c:/texlive/2024/texmf-dist/tex/latex/stix2-type1/ts1stix2.fd
File: ts1stix2.fd 2018/04/02 v2.0.0-latex stix2 TS1 font definitions
)
Package microtype Info: Character `textflorin ' is missing
(microtype)             in font `TS1/stix2/m/n/9'.
(microtype)             Ignoring protrusion settings for this character.

Underfull \hbox (badness 10000) in paragraph at lines 218--221
[]|\T1/stix2/m/n/9 (+20) Rain will still lin-ger for the mor-ning. Con-di-ti-on
s will im-prove by early af-ter-noon and
 []

LaTeX Font Info:    Trying to load font information for U+fontawesomefree0 on i
nput line 260.
(c:/texlive/2024/texmf-dist/tex/latex/fontawesome5/ufontawesomefree0.fd)
Underfull \hbox (badness 10000) in paragraph at lines 260--261

 []

LaTeX Font Info:    Trying to load font information for U+fontawesomebrands1 on
 input line 262.
(c:/texlive/2024/texmf-dist/tex/latex/fontawesome5/ufontawesomebrands1.fd)
LaTeX Font Info:    Font shape `U/fontawesomebrands1/solid/n' in size <9> not a
vailable
(Font)              Font shape `U/fontawesomebrands1/regular/n' tried instead o
n input line 262.
LaTeX Font Info:    Trying to load font information for U+fontawesomefree1 on i
nput line 263.

(c:/texlive/2024/texmf-dist/tex/latex/fontawesome5/ufontawesomefree1.fd)
LaTeX Font Info:    Trying to load font information for U+fontawesomebrands0 on
 input line 265.

(c:/texlive/2024/texmf-dist/tex/latex/fontawesome5/ufontawesomebrands0.fd)
LaTeX Font Info:    Font shape `U/fontawesomebrands0/solid/n' in size <9> not a
vailable
(Font)              Font shape `U/fontawesomebrands0/regular/n' tried instead o
n input line 265.

(c:/texlive/2024/texmf-dist/tex/latex/listings/lstlang1.sty
File: lstlang1.sty 2024/03/11 1.10a listings language file
)
(c:/texlive/2024/texmf-dist/tex/latex/listings/lstlang2.sty
File: lstlang2.sty 2024/03/11 1.10a listings language file
)
(c:/texlive/2024/texmf-dist/tex/latex/listings/lstlang3.sty
File: lstlang3.sty 2024/03/11 1.10a listings language file
)
(c:/texlive/2024/texmf-dist/tex/latex/listings/lstlang1.sty
File: lstlang1.sty 2024/03/11 1.10a listings language file
)
(c:/texlive/2024/texmf-dist/tex/latex/listings/lstlang2.sty
File: lstlang2.sty 2024/03/11 1.10a listings language file
)
(c:/texlive/2024/texmf-dist/tex/latex/listings/lstlang3.sty
File: lstlang3.sty 2024/03/11 1.10a listings language file
)
(c:/texlive/2024/texmf-dist/tex/latex/listings/lstlang1.sty
File: lstlang1.sty 2024/03/11 1.10a listings language file
)
(c:/texlive/2024/texmf-dist/tex/latex/listings/lstlang2.sty
File: lstlang2.sty 2024/03/11 1.10a listings language file
)
(c:/texlive/2024/texmf-dist/tex/latex/listings/lstlang3.sty
File: lstlang3.sty 2024/03/11 1.10a listings language file
)
(c:/texlive/2024/texmf-dist/tex/latex/listings/lstmisc.sty
File: lstmisc.sty 2024/03/11 1.10a (Carsten Heinz)
) [2{c:/texlive/2024/texmf-dist/fonts/enc/dvips/fontawesome5/fa5free0.enc}{c:/t
exlive/2024/texmf-dist/fonts/enc/dvips/fontawesome5/fa5brands1.enc}{c:/texlive/
2024/texmf-dist/fonts/enc/dvips/fontawesome5/fa5free1.enc}{c:/texlive/2024/texm
f-dist/fonts/enc/dvips/fontawesome5/fa5brands0.enc}{c:/texlive/2024/texmf-dist/
fonts/enc/dvips/stix2-type1/stix2-ts1.enc} <./figures/example2.pdf>]
Package mdframed Info: mdframed works in twoside mode on input line 352.
 [3]

enddocument/afterlastpage: lastpage setting LastPage.
(./main.aux)
 ***********
LaTeX2e <2023-11-01> patch level 1
L3 programming layer <2024-04-11>
 ***********
Package logreq Info: Writing requests to 'main.run.xml'.
\openout1 = `main.run.xml'.

 ) 
Here is how much of TeX's memory you used:
 69949 strings out of 474050
 1511229 string characters out of 5746298
 2766278 words of memory out of 5000000
 91215 multiletter control sequences out of 15000+600000
 735266 words of font info for 225 fonts, out of 8000000 for 9000
 1141 hyphenation exceptions out of 8191
 137i,15n,143p,1088b,2136s stack positions out of 10000i,1000n,20000p,200000b,200000s
<c:/texlive/2024/texmf-dist/fonts/type1/public/fontawesome5/FontAwesome5Brand
s-Regular.pfb><c:/texlive/2024/texmf-dist/fonts/type1/public/fontawesome5/FontA
wesome5Free-Regular.pfb><c:/texlive/2024/texmf-dist/fonts/type1/public/fontawes
ome5/FontAwesome5Free-Solid.pfb><c:/texlive/2024/texmf-dist/fonts/type1/public/
stix2-type1/STIX2Math.pfb><c:/texlive/2024/texmf-dist/fonts/type1/public/stix2-
type1/STIX2Text-Bold.pfb><c:/texlive/2024/texmf-dist/fonts/type1/public/stix2-t
ype1/STIX2Text-Italic.pfb><c:/texlive/2024/texmf-dist/fonts/type1/public/stix2-
type1/STIX2Text-Regular.pfb><c:/texlive/2024/texmf-dist/fonts/type1/public/lm/l
mtt8.pfb><c:/texlive/2024/texmf-dist/fonts/type1/public/lm/lmtt9.pfb><c:/texliv
e/2024/texmf-dist/fonts/type1/urw/helvetic/uhvb8a.pfb><c:/texlive/2024/texmf-di
st/fonts/type1/urw/helvetic/uhvr8a.pfb>
Output written on main.pdf (3 pages, 883160 bytes).
PDF statistics:
 313 PDF objects out of 1000 (max. 8388607)
 267 compressed objects within 3 object streams
 73 named destinations out of 1000 (max. 500000)
 68823 words of extra memory for PDF output out of 74296 (max. 10000000)

